INFO:     Started server process [10196]
INFO:     Waiting for application startup.
INFO:     Application startup complete.
INFO:     Uvicorn running on http://127.0.0.1:8010 (Press CTRL+C to quit)
INFO:niyamguard.requests:{"level": "INFO", "request_id": "req_c103c2ce9a624838a658c3c59f0d4f7d", "method": "POST", "path": "/api/auth/login", "status_code": 200, "duration_ms": 336.68, "message": "request_completed"}
INFO:niyamguard.requests:{"level": "INFO", "request_id": "req_e454a51b9c744bb28d456ac1aeeb2ab9", "method": "POST", "path": "/api/sessions", "status_code": 201, "duration_ms": 10.85, "message": "request_completed"}
INFO:niyamguard.requests:{"level": "INFO", "request_id": "req_46ed48536e8c4298b13be62d284c8067", "method": "POST", "path": "/api/sessions", "status_code": 201, "duration_ms": 4.82, "message": "request_completed"}
INFO:niyamguard.requests:{"level": "INFO", "request_id": "req_570c7310fc8541639a155b95aa741812", "method": "POST", "path": "/api/sessions", "status_code": 201, "duration_ms": 10.26, "message": "request_completed"}
INFO:niyamguard.requests:{"level": "INFO", "request_id": "req_0a7ddc745b354633997588af9aa7f4dc", "method": "GET", "path": "/api/forms", "status_code": 200, "duration_ms": 12.8, "message": "request_completed"}
INFO:niyamguard.requests:{"level": "INFO", "request_id": "req_caf98bc586a84ef2b9cf91992682dfb1", "method": "POST", "path": "/api/sessions", "status_code": 400, "duration_ms": 1.67, "message": "request_completed"}
INFO:niyamguard.requests:{"level": "INFO", "request_id": "req_19e3b79d951a499fb9a497b049330606", "method": "GET", "path": "/api/portal/services", "status_code": 200, "duration_ms": 269.9, "message": "request_completed"}
INFO:niyamguard.requests:{"level": "INFO", "request_id": "req_216e52dcd6834a95851869b3d95341a4", "method": "POST", "path": "/api/sessions", "status_code": 201, "duration_ms": 271.95, "message": "request_completed"}
INFO:niyamguard.requests:{"level": "INFO", "request_id": "req_3a8f583619e34288a14c514d66a893a9", "method": "POST", "path": "/api/sessions", "status_code": 201, "duration_ms": 14.18, "message": "request_completed"}
INFO:niyamguard.requests:{"level": "INFO", "request_id": "req_8aee3ab9a55741e789e5e4c806d6f3bc", "method": "GET", "path": "/api/portal/services/income_certificate", "status_code": 200, "duration_ms": 12.71, "message": "request_completed"}
INFO:niyamguard.requests:{"level": "INFO", "request_id": "req_045ebde0768a4b67a3c7004151f984e5", "method": "POST", "path": "/api/sessions", "status_code": 201, "duration_ms": 3.71, "message": "request_completed"}
INFO:niyamguard.requests:{"level": "INFO", "request_id": "req_01f397945a8349e18f4d527b98d0dba4", "method": "POST", "path": "/api/sessions", "status_code": 201, "duration_ms": 4.85, "message": "request_completed"}
INFO:niyamguard.requests:{"level": "INFO", "request_id": "req_b2ad671208ee48aab5a8685f02807a4d", "method": "POST", "path": "/api/chat", "status_code": 200, "duration_ms": 144.95, "message": "request_completed"}
INFO:niyamguard.requests:{"level": "INFO", "request_id": "req_001cb443296d41e98e67e3accdc29fb4", "method": "POST", "path": "/api/auth/logout", "status_code": 200, "duration_ms": 19.09, "message": "request_completed"}
INFO:niyamguard.requests:{"level": "INFO", "request_id": "req_e7649e38213b4faea36f241be104e3b8", "method": "POST", "path": "/api/auth/login", "status_code": 200, "duration_ms": 366.38, "message": "request_completed"}
INFO:niyamguard.requests:{"level": "INFO", "request_id": "req_6a97a75ce62541dc82e7070b46794501", "method": "GET", "path": "/api/circulars", "status_code": 200, "duration_ms": 79.42, "message": "request_completed"}
INFO:niyamguard.requests:{"level": "INFO", "request_id": "req_c2a9478e8d4f4f9a8fd06ff42a1aa563", "method": "GET", "path": "/api/government/audit/events", "status_code": 200, "duration_ms": 58.95, "message": "request_completed"}
INFO:niyamguard.requests:{"level": "INFO", "request_id": "req_4d78756f6f0c4ecf977fac1ea6973f4b", "method": "GET", "path": "/api/compliance/findings", "status_code": 200, "duration_ms": 102.59, "message": "request_completed"}
INFO:niyamguard.requests:{"level": "INFO", "request_id": "req_2c562ab946984490a00363336ea714d4", "method": "GET", "path": "/api/dashboard/priority-findings", "status_code": 200, "duration_ms": 86.99, "message": "request_completed"}
INFO:niyamguard.requests:{"level": "INFO", "request_id": "req_697b664c661548c0a8cb111b6ee5b856", "method": "GET", "path": "/api/rule-candidates", "status_code": 200, "duration_ms": 120.39, "message": "request_completed"}
INFO:niyamguard.requests:{"level": "INFO", "request_id": "req_8df29389dcde4a6f8a29cc4d1e857611", "method": "GET", "path": "/api/dashboard/summary", "status_code": 200, "duration_ms": 94.83, "message": "request_completed"}
INFO:niyamguard.requests:{"level": "INFO", "request_id": "req_95a7a9cb549a45c7802356ff74a9aaf6", "method": "POST", "path": "/api/compliance/run", "status_code": 200, "duration_ms": 43.94, "message": "request_completed"}
INFO:niyamguard.requests:{"level": "INFO", "request_id": "req_3413ae535982481e990a747ee811e58e", "method": "POST", "path": "/api/dashboard/recalculate-priority", "status_code": 200, "duration_ms": 70.62, "message": "request_completed"}
INFO:niyamguard.requests:{"level": "INFO", "request_id": "req_0924d529082046a7bce671674c5c0508", "method": "GET", "path": "/api/cascade/finding/find_rule_001_sys_meeseva_portal", "status_code": 200, "duration_ms": 43.35, "message": "request_completed"}
INFO:niyamguard.requests:{"level": "INFO", "request_id": "req_f856af032f654851a08e630129d95813", "method": "GET", "path": "/api/government/audit/events", "status_code": 200, "duration_ms": 20.16, "message": "request_completed"}
INFO:niyamguard.requests:{"level": "INFO", "request_id": "req_56b307f1fe344d338dd49f355e122680", "method": "GET", "path": "/api/dashboard/priority-findings", "status_code": 200, "duration_ms": 55.5, "message": "request_completed"}
INFO:niyamguard.requests:{"level": "INFO", "request_id": "req_e7f2ae8a1b0b4f3497e2bd0aa83cbd8f", "method": "GET", "path": "/api/circulars", "status_code": 200, "duration_ms": 63.84, "message": "request_completed"}
INFO:niyamguard.requests:{"level": "INFO", "request_id": "req_f4a76142d73844acb2230a09da03fea1", "method": "GET", "path": "/api/compliance/findings", "status_code": 200, "duration_ms": 69.82, "message": "request_completed"}
INFO:niyamguard.requests:{"level": "INFO", "request_id": "req_a3a3e4755d944c69950434ba19e60508", "method": "GET", "path": "/api/dashboard/summary", "status_code": 200, "duration_ms": 75.54, "message": "request_completed"}
INFO:niyamguard.requests:{"level": "INFO", "request_id": "req_2bf690f117a84965a55947c71ace5530", "method": "GET", "path": "/api/rule-candidates", "status_code": 200, "duration_ms": 80.96, "message": "request_completed"}
INFO:niyamguard.requests:{"level": "INFO", "request_id": "req_469d36d81b594f69a2cce25309b8f29d", "method": "GET", "path": "/api/cascade/finding/find_rule_001_sys_meeseva_portal", "status_code": 200, "duration_ms": 9.57, "message": "request_completed"}
INFO:niyamguard.requests:{"level": "INFO", "request_id": "req_09fcc75f5abb47d3bc6555194e65892d", "method": "POST", "path": "/api/circulars/upload-file", "status_code": 200, "duration_ms": 129.14, "message": "request_completed"}
INFO:niyamguard.requests:{"level": "INFO", "request_id": "req_96b8df45925c492cbfd72ea7cbc98d5d", "method": "GET", "path": "/api/government/audit/events", "status_code": 200, "duration_ms": 28.1, "message": "request_completed"}
INFO:niyamguard.requests:{"level": "INFO", "request_id": "req_cbd5e7cd78a343f4835c5be74526c33c", "method": "GET", "path": "/api/compliance/findings", "status_code": 200, "duration_ms": 35.31, "message": "request_completed"}
INFO:niyamguard.requests:{"level": "INFO", "request_id": "req_ed0503c0d2f447288bb9bff7e7947aa1", "method": "GET", "path": "/api/dashboard/summary", "status_code": 200, "duration_ms": 61.53, "message": "request_completed"}
INFO:niyamguard.requests:{"level": "INFO", "request_id": "req_797186542d2e4d6a91b54ac2f233bff5", "method": "GET", "path": "/api/circulars", "status_code": 200, "duration_ms": 67.38, "message": "request_completed"}
INFO:niyamguard.requests:{"level": "INFO", "request_id": "req_ba8e7a64ce1a4916adebbc543842badc", "method": "GET", "path": "/api/dashboard/priority-findings", "status_code": 200, "duration_ms": 74.91, "message": "request_completed"}
INFO:niyamguard.requests:{"level": "INFO", "request_id": "req_8ca790c500e0461dbec43d1a4def8cd1", "method": "GET", "path": "/api/rule-candidates", "status_code": 200, "duration_ms": 78.17, "message": "request_completed"}
INFO:niyamguard.requests:{"level": "INFO", "request_id": "req_3570373134804fe3be5ee8e02f617cc5", "method": "GET", "path": "/api/cascade/finding/find_rule_001_sys_meeseva_portal", "status_code": 200, "duration_ms": 10.68, "message": "request_completed"}
INFO:niyamguard.requests:{"level": "INFO", "request_id": "req_442f4b2cb0ac4c3996d6dea13c5d9041", "method": "GET", "path": "/api/circulars", "status_code": 200, "duration_ms": 12.81, "message": "request_completed"}
INFO:niyamguard.requests:{"level": "INFO", "request_id": "req_b61045d7783946048e111edc51c73354", "method": "POST", "path": "/api/rule-candidates/cand_cirdoc_0001_income_validity/approve", "status_code": 200, "duration_ms": 274.35, "message": "request_completed"}
INFO:niyamguard.requests:{"level": "INFO", "request_id": "req_cf1a20bd21894adca6dab8022d91d637", "method": "GET", "path": "/api/government/audit/events", "status_code": 200, "duration_ms": 20.47, "message": "request_completed"}
INFO:niyamguard.requests:{"level": "INFO", "request_id": "req_d87a655755734a6689422ba45201c3eb", "method": "GET", "path": "/api/dashboard/priority-findings", "status_code": 200, "duration_ms": 64.03, "message": "request_completed"}
INFO:niyamguard.requests:{"level": "INFO", "request_id": "req_90abdd098289459e8cac068c41d5e6a6", "method": "GET", "path": "/api/circulars", "status_code": 200, "duration_ms": 74.95, "message": "request_completed"}
INFO:niyamguard.requests:{"level": "INFO", "request_id": "req_79154f9441d64e379e82649edd94ea3c", "method": "GET", "path": "/api/compliance/findings", "status_code": 200, "duration_ms": 77.82, "message": "request_completed"}
INFO:niyamguard.requests:{"level": "INFO", "request_id": "req_b0ff9313a77244aba16c52193996c385", "method": "GET", "path": "/api/rule-candidates", "status_code": 200, "duration_ms": 91.88, "message": "request_completed"}
INFO:niyamguard.requests:{"level": "INFO", "request_id": "req_2aacc1e116cc4fd0b8b9dc55fc04b70c", "method": "GET", "path": "/api/dashboard/summary", "status_code": 200, "duration_ms": 93.93, "message": "request_completed"}
INFO:niyamguard.requests:{"level": "INFO", "request_id": "req_444339a12dff4366870c1b008d8ec4a5", "method": "GET", "path": "/api/cascade/finding/find_rule_001_sys_meeseva_portal", "status_code": 200, "duration_ms": 12.57, "message": "request_completed"}
INFO:niyamguard.requests:{"level": "INFO", "request_id": "req_764bc2bbe44c40528682c9067cf1eb17", "method": "POST", "path": "/api/auth/logout", "status_code": 200, "duration_ms": 19.2, "message": "request_completed"}
INFO:niyamguard.requests:{"level": "INFO", "request_id": "req_f458e957f82c4591945e8b673e529412", "method": "POST", "path": "/api/auth/login", "status_code": 200, "duration_ms": 177.98, "message": "request_completed"}
INFO:niyamguard.requests:{"level": "INFO", "request_id": "req_0e83ead04655445dacd3ac582137ce57", "method": "GET", "path": "/api/government/audit/events", "status_code": 200, "duration_ms": 18.31, "message": "request_completed"}
INFO:niyamguard.requests:{"level": "INFO", "request_id": "req_095af6bf0bca487ca3ab7c829c2a1d49", "method": "GET", "path": "/api/circulars", "status_code": 200, "duration_ms": 169.98, "message": "request_completed"}
INFO:niyamguard.requests:{"level": "INFO", "request_id": "req_647a608d72ae415bb0ef5a58934a3563", "method": "GET", "path": "/api/compliance/findings", "status_code": 200, "duration_ms": 170.15, "message": "request_completed"}
INFO:niyamguard.requests:{"level": "INFO", "request_id": "req_f7e1159856b5410fb91fa7b7a8b66854", "method": "GET", "path": "/api/dashboard/priority-findings", "status_code": 200, "duration_ms": 171.59, "message": "request_completed"}
INFO:niyamguard.requests:{"level": "INFO", "request_id": "req_c95550c09375497c857e05550edc741b", "method": "GET", "path": "/api/rule-candidates", "status_code": 200, "duration_ms": 191.03, "message": "request_completed"}
INFO:niyamguard.requests:{"level": "INFO", "request_id": "req_49e15d3ce98041eca16d57260a207bb2", "method": "GET", "path": "/api/dashboard/summary", "status_code": 200, "duration_ms": 191.05, "message": "request_completed"}
INFO:niyamguard.requests:{"level": "INFO", "request_id": "req_1849a65ebc7e4a0aa4e19c73ee968eb2", "method": "GET", "path": "/api/cascade/finding/find_rule_001_sys_meeseva_portal", "status_code": 200, "duration_ms": 10.45, "message": "request_completed"}
INFO:niyamguard.requests:{"level": "INFO", "request_id": "req_952227c613d2475ea31d68203a51826a", "method": "POST", "path": "/api/compliance/run", "status_code": 200, "duration_ms": 50.66, "message": "request_completed"}
INFO:niyamguard.requests:{"level": "INFO", "request_id": "req_5472d455750940b8b7a74422869d63f0", "method": "POST", "path": "/api/dashboard/recalculate-priority", "status_code": 200, "duration_ms": 80.56, "message": "request_completed"}
INFO:niyamguard.requests:{"level": "INFO", "request_id": "req_8e35958689e0483ca42e61961c791bc5", "method": "POST", "path": "/api/conflicts/scan", "status_code": 200, "duration_ms": 76.94, "message": "request_completed"}
INFO:niyamguard.requests:{"level": "INFO", "request_id": "req_c1845ae745364f0aa348ac0cd1d6cb5e", "method": "GET", "path": "/api/admin/module-status", "status_code": 200, "duration_ms": 21.73, "message": "request_completed"}
INFO:niyamguard.requests:{"level": "INFO", "request_id": "req_4082fbfe84a24149a0865babfaaed448", "method": "GET", "path": "/api/dashboard/priority-findings", "status_code": 200, "duration_ms": 53.31, "message": "request_completed"}
INFO:niyamguard.requests:{"level": "INFO", "request_id": "req_45c7c1640c3c4a7e8977df2b25ba016e", "method": "GET", "path": "/api/admin/summary", "status_code": 200, "duration_ms": 53.94, "message": "request_completed"}
INFO:niyamguard.requests:{"level": "INFO", "request_id": "req_66e8367b97eb4faeb1e6ebbb5061ec25", "method": "GET", "path": "/api/compliance/findings", "status_code": 200, "duration_ms": 71.1, "message": "request_completed"}
INFO:niyamguard.requests:{"level": "INFO", "request_id": "req_36f76ce08630442bae6dd7e9d8b05c8d", "method": "GET", "path": "/api/connected-systems", "status_code": 200, "duration_ms": 96.22, "message": "request_completed"}
INFO:niyamguard.requests:{"level": "INFO", "request_id": "req_e08f2a5b09544c0e8552d5c1e5572ac8", "method": "GET", "path": "/api/circulars", "status_code": 200, "duration_ms": 55.69, "message": "request_completed"}
INFO:niyamguard.requests:{"level": "INFO", "request_id": "req_6bb30799eff3406cbb053abefdefdd94", "method": "GET", "path": "/api/rule-candidates", "status_code": 200, "duration_ms": 58.08, "message": "request_completed"}
INFO:niyamguard.requests:{"level": "INFO", "request_id": "req_ece6eace898347ec92e59aa867891210", "method": "GET", "path": "/api/ai/status", "status_code": 200, "duration_ms": 13.74, "message": "request_completed"}
INFO:niyamguard.requests:{"level": "INFO", "request_id": "req_de5076577806477387744192597adae6", "method": "GET", "path": "/api/knowledge/rules", "status_code": 200, "duration_ms": 57.58, "message": "request_completed"}
INFO:niyamguard.requests:{"level": "INFO", "request_id": "req_7e6b8ef918204443902d8b5608660167", "method": "GET", "path": "/api/audit/events", "status_code": 200, "duration_ms": 41.79, "message": "request_completed"}
INFO:niyamguard.requests:{"level": "INFO", "request_id": "req_783808c8928b453ba7dea4c216ff4945", "method": "GET", "path": "/api/reports/summary", "status_code": 200, "duration_ms": 72.3, "message": "request_completed"}
INFO:niyamguard.requests:{"level": "INFO", "request_id": "req_563dd3e60aaa489a938988a13b463381", "method": "GET", "path": "/api/conflicts", "status_code": 200, "duration_ms": 76.75, "message": "request_completed"}
INFO:niyamguard.requests:{"level": "INFO", "request_id": "req_8864ea89c4c04381a178ec880d60e98c", "method": "GET", "path": "/api/dataset/status", "status_code": 200, "duration_ms": 78.86, "message": "request_completed"}
INFO:niyamguard.requests:{"level": "INFO", "request_id": "req_5023441771ca4c3091255bd560066413", "method": "GET", "path": "/api/audit/verify", "status_code": 200, "duration_ms": 28.43, "message": "request_completed"}
INFO:niyamguard.requests:{"level": "INFO", "request_id": "req_c1c8eae1dcbd4906b0329782dea59405", "method": "GET", "path": "/api/sources", "status_code": 200, "duration_ms": 44.29, "message": "request_completed"}
INFO:niyamguard.requests:{"level": "INFO", "request_id": "req_2fffe7d293e84b03a506ffd5c4a24365", "method": "GET", "path": "/api/scheduler/status", "status_code": 200, "duration_ms": 19.23, "message": "request_completed"}
INFO:niyamguard.requests:{"level": "INFO", "request_id": "req_311802ceb2a14d81a987083092f3ee4a", "method": "GET", "path": "/api/propagation/tasks", "status_code": 200, "duration_ms": 61.6, "message": "request_completed"}
INFO:niyamguard.requests:{"level": "INFO", "request_id": "req_00d18123551b430f836c8ab5369cd8fa", "method": "GET", "path": "/api/policy-updates/history", "status_code": 200, "duration_ms": 81.34, "message": "request_completed"}
INFO:niyamguard.requests:{"level": "INFO", "request_id": "req_270ff364ea77477daae6c5c2c423e6e1", "method": "GET", "path": "/api/knowledge/update-events", "status_code": 200, "duration_ms": 69.81, "message": "request_completed"}
INFO:niyamguard.requests:{"level": "INFO", "request_id": "req_257bf037085f4bb7977617647ebeb3cc", "method": "GET", "path": "/api/policy-updates/versions", "status_code": 200, "duration_ms": 97.74, "message": "request_completed"}
INFO:niyamguard.requests:{"level": "INFO", "request_id": "req_9994fb7b6dd54989a58fa1fd7535842d", "method": "GET", "path": "/api/compliance/runs", "status_code": 200, "duration_ms": 38.43, "message": "request_completed"}
INFO:niyamguard.requests:{"level": "INFO", "request_id": "req_37c277a116ad4633989470e89f33a139", "method": "GET", "path": "/api/mock-systems", "status_code": 200, "duration_ms": 83.72, "message": "request_completed"}
INFO:niyamguard.requests:{"level": "INFO", "request_id": "req_e68147820e934b74bdb1848e88b7b8a0", "method": "GET", "path": "/api/admin/certificates", "status_code": 200, "duration_ms": 63.09, "message": "request_completed"}
INFO:niyamguard.requests:{"level": "INFO", "request_id": "req_4739965e02e34ad0bed0bc2673642b03", "method": "GET", "path": "/api/admin/services", "status_code": 200, "duration_ms": 70.88, "message": "request_completed"}
INFO:niyamguard.requests:{"level": "INFO", "request_id": "req_756d5ebbece6431287b5a1515cff9662", "method": "GET", "path": "/api/admin/readiness", "status_code": 200, "duration_ms": 133.53, "message": "request_completed"}
INFO:niyamguard.requests:{"level": "INFO", "request_id": "req_5ffac6e7e51a4920a98f6e518752188c", "method": "GET", "path": "/api/admin/forms", "status_code": 200, "duration_ms": 193.41, "message": "request_completed"}
INFO:niyamguard.requests:{"level": "INFO", "request_id": "req_40a947e44be14c0593a27411f1842217", "method": "GET", "path": "/api/dataset/demo-flow", "status_code": 200, "duration_ms": 586.56, "message": "request_completed"}
INFO:niyamguard.requests:{"level": "INFO", "request_id": "req_00e9b4ba81d243a4b415dab2e1c78f44", "method": "GET", "path": "/api/auth/users", "status_code": 200, "duration_ms": 4.92, "message": "request_completed"}
INFO:niyamguard.requests:{"level": "INFO", "request_id": "req_065974001f984809b8112d1200516012", "method": "GET", "path": "/api/cascade/finding/find_rule_001_sys_meeseva_portal", "status_code": 200, "duration_ms": 12.26, "message": "request_completed"}
INFO:niyamguard.requests:{"level": "INFO", "request_id": "req_e0460569bad04911a4fbed8cdf68b875", "method": "POST", "path": "/api/compliance/run", "status_code": 200, "duration_ms": 76.59, "message": "request_completed"}
INFO:niyamguard.requests:{"level": "INFO", "request_id": "req_a668cfdd17c543138b11226b8bb5ee02", "method": "POST", "path": "/api/dashboard/recalculate-priority", "status_code": 200, "duration_ms": 104.48, "message": "request_completed"}
INFO:niyamguard.requests:{"level": "INFO", "request_id": "req_c6cb71f700cd476eaf1d556d9ef5aa8b", "method": "POST", "path": "/api/conflicts/scan", "status_code": 200, "duration_ms": 49.84, "message": "request_completed"}
INFO:niyamguard.requests:{"level": "INFO", "request_id": "req_f39e984d55104b2ba15a51600a20fdc7", "method": "GET", "path": "/api/admin/module-status", "status_code": 200, "duration_ms": 15.58, "message": "request_completed"}
INFO:niyamguard.requests:{"level": "INFO", "request_id": "req_91fe4efb88184522bac3ba3fe381379c", "method": "GET", "path": "/api/conflicts", "status_code": 200, "duration_ms": 74.28, "message": "request_completed"}
INFO:niyamguard.requests:{"level": "INFO", "request_id": "req_587eb6d46f2740aa885ad7f43b6104a8", "method": "GET", "path": "/api/dashboard/priority-findings", "status_code": 200, "duration_ms": 82.29, "message": "request_completed"}
INFO:niyamguard.requests:{"level": "INFO", "request_id": "req_205cd5beeb75485895d6895c026363a5", "method": "GET", "path": "/api/compliance/findings", "status_code": 200, "duration_ms": 89.89, "message": "request_completed"}
INFO:niyamguard.requests:{"level": "INFO", "request_id": "req_ab3f9be735bf4e75bd65f2c261793a42", "method": "GET", "path": "/api/connected-systems", "status_code": 200, "duration_ms": 96.74, "message": "request_completed"}
INFO:niyamguard.requests:{"level": "INFO", "request_id": "req_e4ef9dbe37dc460fa1fb6bd56b3ad8f5", "method": "GET", "path": "/api/admin/summary", "status_code": 200, "duration_ms": 101.44, "message": "request_completed"}
INFO:niyamguard.requests:{"level": "INFO", "request_id": "req_56c869c0dde346d8bf439754a6225d90", "method": "GET", "path": "/api/knowledge/rules", "status_code": 200, "duration_ms": 85.46, "message": "request_completed"}
INFO:niyamguard.requests:{"level": "INFO", "request_id": "req_63c173198f444d9998975f7888e345a3", "method": "GET", "path": "/api/ai/status", "status_code": 200, "duration_ms": 15.56, "message": "request_completed"}
INFO:niyamguard.requests:{"level": "INFO", "request_id": "req_caadac20197142ebacb4383f9e117506", "method": "GET", "path": "/api/audit/events", "status_code": 200, "duration_ms": 33.93, "message": "request_completed"}
INFO:niyamguard.requests:{"level": "INFO", "request_id": "req_0235682844884ea1907f3f270b4b1baf", "method": "GET", "path": "/api/audit/verify", "status_code": 200, "duration_ms": 37.87, "message": "request_completed"}
INFO:niyamguard.requests:{"level": "INFO", "request_id": "req_e5c490c2aae84600ac781099dcf40b59", "method": "GET", "path": "/api/reports/summary", "status_code": 200, "duration_ms": 77.38, "message": "request_completed"}
INFO:niyamguard.requests:{"level": "INFO", "request_id": "req_b1f3bec7a9474528a6ab46af66bab92e", "method": "GET", "path": "/api/sources", "status_code": 200, "duration_ms": 45.71, "message": "request_completed"}
INFO:niyamguard.requests:{"level": "INFO", "request_id": "req_6b8ecb6fdaf741939aa054f654fcb000", "method": "GET", "path": "/api/dataset/status", "status_code": 200, "duration_ms": 75.04, "message": "request_completed"}
INFO:niyamguard.requests:{"level": "INFO", "request_id": "req_72136b8fe68649c783725dd13525622a", "method": "GET", "path": "/api/circulars", "status_code": 200, "duration_ms": 78.9, "message": "request_completed"}
INFO:niyamguard.requests:{"level": "INFO", "request_id": "req_53ec64c7a5014989842c574182d57ca2", "method": "GET", "path": "/api/policy-updates/history", "status_code": 200, "duration_ms": 71.82, "message": "request_completed"}
INFO:niyamguard.requests:{"level": "INFO", "request_id": "req_388469d00568493894196753e9fc3ae1", "method": "GET", "path": "/api/policy-updates/versions", "status_code": 200, "duration_ms": 71.33, "message": "request_completed"}
INFO:niyamguard.requests:{"level": "INFO", "request_id": "req_49a839fd69af453e958fbfefea578e97", "method": "GET", "path": "/api/knowledge/update-events", "status_code": 200, "duration_ms": 72.62, "message": "request_completed"}
INFO:niyamguard.requests:{"level": "INFO", "request_id": "req_3aa71898b7b545469fc1a4a5cee22317", "method": "GET", "path": "/api/scheduler/status", "status_code": 200, "duration_ms": 15.47, "message": "request_completed"}
INFO:niyamguard.requests:{"level": "INFO", "request_id": "req_f4afa5aee38d4ff2961c3ac0b538c340", "method": "GET", "path": "/api/rule-candidates", "status_code": 200, "duration_ms": 122.69, "message": "request_completed"}
INFO:niyamguard.requests:{"level": "INFO", "request_id": "req_9132a91b1b5d43c385c57dd47f293de1", "method": "GET", "path": "/api/propagation/tasks", "status_code": 200, "duration_ms": 63.1, "message": "request_completed"}
INFO:niyamguard.requests:{"level": "INFO", "request_id": "req_d36833cfdb584517a2933c6dff483ea3", "method": "GET", "path": "/api/compliance/runs", "status_code": 200, "duration_ms": 74.87, "message": "request_completed"}
INFO:niyamguard.requests:{"level": "INFO", "request_id": "req_cb9a80a6676f4acc84e249815fab42e7", "method": "GET", "path": "/api/admin/services", "status_code": 200, "duration_ms": 56.19, "message": "request_completed"}
INFO:niyamguard.requests:{"level": "INFO", "request_id": "req_be0045963b854ff1940892945ead8c68", "method": "GET", "path": "/api/mock-systems", "status_code": 200, "duration_ms": 68.14, "message": "request_completed"}
INFO:niyamguard.requests:{"level": "INFO", "request_id": "req_4fb42916c2b4413d9f40b37a5448454c", "method": "GET", "path": "/api/admin/certificates", "status_code": 200, "duration_ms": 50.18, "message": "request_completed"}
INFO:niyamguard.requests:{"level": "INFO", "request_id": "req_05b85e47631441a29bf73077f3feafaf", "method": "GET", "path": "/api/admin/readiness", "status_code": 200, "duration_ms": 197.17, "message": "request_completed"}
INFO:niyamguard.requests:{"level": "INFO", "request_id": "req_323c905987fd482cac37ead5c156712b", "method": "GET", "path": "/api/admin/forms", "status_code": 200, "duration_ms": 284.46, "message": "request_completed"}
INFO:niyamguard.requests:{"level": "INFO", "request_id": "req_73b418e5423b4cb292dc2683ba8dde42", "method": "GET", "path": "/api/dataset/demo-flow", "status_code": 200, "duration_ms": 657.08, "message": "request_completed"}
INFO:niyamguard.requests:{"level": "INFO", "request_id": "req_520e52d5c7254aba814468139db5e244", "method": "GET", "path": "/api/auth/users", "status_code": 200, "duration_ms": 3.91, "message": "request_completed"}
INFO:niyamguard.requests:{"level": "INFO", "request_id": "req_f9ceaf2af4604ba39aaf1bf9124b5edc", "method": "GET", "path": "/api/cascade/finding/find_rule_001_sys_meeseva_portal", "status_code": 200, "duration_ms": 10.58, "message": "request_completed"}
INFO:niyamguard.requests:{"level": "INFO", "request_id": "req_b0e88969ae90428eaa826f329503d686", "method": "GET", "path": "/api/sandbox/circulars", "status_code": 200, "duration_ms": 39.14, "message": "request_completed"}
INFO:niyamguard.requests:{"level": "INFO", "request_id": "req_f1087232c0df4243b5ddfe255dbbdbdf", "method": "GET", "path": "/api/sandbox/status", "status_code": 200, "duration_ms": 46.52, "message": "request_completed"}
INFO:niyamguard.requests:{"level": "INFO", "request_id": "req_f757c7cacac84a1abd86981e7a2c4bb9", "method": "GET", "path": "/api/portal/services", "status_code": 200, "duration_ms": 24.0, "message": "request_completed"}
INFO:niyamguard.requests:{"level": "INFO", "request_id": "req_c6d66974f2d64db6b53d52ab77d1bb23", "method": "POST", "path": "/api/compliance/run", "status_code": 200, "duration_ms": 111.25, "message": "request_completed"}
INFO:niyamguard.requests:{"level": "INFO", "request_id": "req_d2480b171dd540deb05732ef83c18cb0", "method": "POST", "path": "/api/dashboard/recalculate-priority", "status_code": 200, "duration_ms": 98.38, "message": "request_completed"}
INFO:niyamguard.requests:{"level": "INFO", "request_id": "req_4848abebe83a4057b49984c1a64b09c9", "method": "POST", "path": "/api/conflicts/scan", "status_code": 200, "duration_ms": 53.94, "message": "request_completed"}
INFO:niyamguard.requests:{"level": "INFO", "request_id": "req_bb90c693c8a44311bf558ec9640fe87d", "method": "GET", "path": "/api/admin/module-status", "status_code": 200, "duration_ms": 15.59, "message": "request_completed"}
INFO:niyamguard.requests:{"level": "INFO", "request_id": "req_587c2c09d125489495525bf1f307bd97", "method": "GET", "path": "/api/connected-systems", "status_code": 200, "duration_ms": 69.43, "message": "request_completed"}
INFO:niyamguard.requests:{"level": "INFO", "request_id": "req_fe06e0de8d44407484ea83cc5a8e2ae0", "method": "GET", "path": "/api/conflicts", "status_code": 200, "duration_ms": 76.86, "message": "request_completed"}
INFO:niyamguard.requests:{"level": "INFO", "request_id": "req_7bd948f9af0e494387a62283e1cd7020", "method": "GET", "path": "/api/admin/summary", "status_code": 200, "duration_ms": 82.46, "message": "request_completed"}
INFO:niyamguard.requests:{"level": "INFO", "request_id": "req_8f37faba7c584838a4a8f8b40deccb69", "method": "GET", "path": "/api/knowledge/rules", "status_code": 200, "duration_ms": 68.97, "message": "request_completed"}
INFO:niyamguard.requests:{"level": "INFO", "request_id": "req_1f2bd068432447c998c909b52f1e7032", "method": "GET", "path": "/api/compliance/findings", "status_code": 200, "duration_ms": 87.8, "message": "request_completed"}
INFO:niyamguard.requests:{"level": "INFO", "request_id": "req_12df0ac4d362455e875ab082820f8159", "method": "GET", "path": "/api/dashboard/priority-findings", "status_code": 200, "duration_ms": 93.7, "message": "request_completed"}
INFO:niyamguard.requests:{"level": "INFO", "request_id": "req_978222fd28f94989b39c9a21c59cfc98", "method": "GET", "path": "/api/ai/status", "status_code": 200, "duration_ms": 16.14, "message": "request_completed"}
INFO:niyamguard.requests:{"level": "INFO", "request_id": "req_d3337e50f100414e87f0aeff357dc7c5", "method": "GET", "path": "/api/audit/events", "status_code": 200, "duration_ms": 25.18, "message": "request_completed"}
INFO:niyamguard.requests:{"level": "INFO", "request_id": "req_a011fd0366f64f348d4544238c799513", "method": "GET", "path": "/api/audit/verify", "status_code": 200, "duration_ms": 32.44, "message": "request_completed"}
INFO:niyamguard.requests:{"level": "INFO", "request_id": "req_baf7925409e14ccc9c8a1383edd53196", "method": "GET", "path": "/api/reports/summary", "status_code": 200, "duration_ms": 66.31, "message": "request_completed"}
INFO:niyamguard.requests:{"level": "INFO", "request_id": "req_a3e4a881122649a3a9a858ed471af650", "method": "GET", "path": "/api/dataset/status", "status_code": 200, "duration_ms": 64.39, "message": "request_completed"}
INFO:niyamguard.requests:{"level": "INFO", "request_id": "req_1917e2f2ab7648a59563c11d2346a650", "method": "GET", "path": "/api/sources", "status_code": 200, "duration_ms": 50.99, "message": "request_completed"}
INFO:niyamguard.requests:{"level": "INFO", "request_id": "req_4c5c0f82fb5a46d4aa087b7715c616f7", "method": "GET", "path": "/api/circulars", "status_code": 200, "duration_ms": 72.07, "message": "request_completed"}
INFO:niyamguard.requests:{"level": "INFO", "request_id": "req_86984fdc4266417082830832c450e999", "method": "GET", "path": "/api/policy-updates/versions", "status_code": 200, "duration_ms": 51.98, "message": "request_completed"}
INFO:niyamguard.requests:{"level": "INFO", "request_id": "req_6d81de1055f24ab7a09b772b24de9237", "method": "GET", "path": "/api/policy-updates/history", "status_code": 200, "duration_ms": 69.04, "message": "request_completed"}
INFO:niyamguard.requests:{"level": "INFO", "request_id": "req_38edf6d6373b46faabcbd0558e3bce32", "method": "GET", "path": "/api/knowledge/update-events", "status_code": 200, "duration_ms": 62.89, "message": "request_completed"}
INFO:niyamguard.requests:{"level": "INFO", "request_id": "req_caaa167f73f5490186b9eb5f1541275b", "method": "GET", "path": "/api/scheduler/status", "status_code": 200, "duration_ms": 11.12, "message": "request_completed"}
INFO:niyamguard.requests:{"level": "INFO", "request_id": "req_bb0c0b0890774ab5b5dd52ae12c9a397", "method": "GET", "path": "/api/rule-candidates", "status_code": 200, "duration_ms": 106.94, "message": "request_completed"}
INFO:niyamguard.requests:{"level": "INFO", "request_id": "req_dd76e11df6d849f3be63047bc582446a", "method": "GET", "path": "/api/propagation/tasks", "status_code": 200, "duration_ms": 80.05, "message": "request_completed"}
INFO:niyamguard.requests:{"level": "INFO", "request_id": "req_8193b9a0fe364199b81c6fa8aab22d05", "method": "GET", "path": "/api/compliance/runs", "status_code": 200, "duration_ms": 69.93, "message": "request_completed"}
INFO:niyamguard.requests:{"level": "INFO", "request_id": "req_a8d2b65d1f7a458aa64990283c4f1a81", "method": "GET", "path": "/api/mock-systems", "status_code": 200, "duration_ms": 68.41, "message": "request_completed"}
INFO:niyamguard.requests:{"level": "INFO", "request_id": "req_cfb5e8be791440dc9a6b5fa43021284b", "method": "GET", "path": "/api/admin/services", "status_code": 200, "duration_ms": 67.97, "message": "request_completed"}
INFO:niyamguard.requests:{"level": "INFO", "request_id": "req_78ff8b27ea394a1686d0456131b77f15", "method": "GET", "path": "/api/admin/certificates", "status_code": 200, "duration_ms": 47.57, "message": "request_completed"}
INFO:niyamguard.requests:{"level": "INFO", "request_id": "req_12b4119c40ad4f488c9e1174b7230a68", "method": "GET", "path": "/api/admin/readiness", "status_code": 200, "duration_ms": 75.2, "message": "request_completed"}
INFO:niyamguard.requests:{"level": "INFO", "request_id": "req_b959f412cf3b4b6f8dede3c262431989", "method": "GET", "path": "/api/admin/forms", "status_code": 200, "duration_ms": 195.23, "message": "request_completed"}
INFO:niyamguard.requests:{"level": "INFO", "request_id": "req_726b02aee86049f88916fb0ceca2de84", "method": "GET", "path": "/api/dataset/demo-flow", "status_code": 200, "duration_ms": 689.96, "message": "request_completed"}
INFO:niyamguard.requests:{"level": "INFO", "request_id": "req_9ea53fad3f444ff888f4f8c283e50c2f", "method": "GET", "path": "/api/auth/users", "status_code": 200, "duration_ms": 3.34, "message": "request_completed"}
INFO:niyamguard.requests:{"level": "INFO", "request_id": "req_07b5bbeb8ae840648bb8156a57612844", "method": "GET", "path": "/api/cascade/finding/find_rule_001_sys_meeseva_portal", "status_code": 200, "duration_ms": 9.35, "message": "request_completed"}
INFO:niyamguard.requests:{"level": "INFO", "request_id": "req_ee694656eb3548a0bcc66383e675403c", "method": "GET", "path": "/api/sandbox/status", "status_code": 200, "duration_ms": 11.75, "message": "request_completed"}
INFO:niyamguard.requests:{"level": "INFO", "request_id": "req_de77513266004dafb0aa932a1801cacb", "method": "GET", "path": "/api/sandbox/circulars", "status_code": 200, "duration_ms": 10.79, "message": "request_completed"}
INFO:niyamguard.requests:{"level": "INFO", "request_id": "req_376765d0f5bf4fbaacd9331087908e0c", "method": "GET", "path": "/api/portal/services", "status_code": 200, "duration_ms": 10.47, "message": "request_completed"}
INFO:niyamguard.requests:{"level": "INFO", "request_id": "req_9522d056df9d4ff58e976e88b235a1e3", "method": "POST", "path": "/api/sandbox/circulars", "status_code": 200, "duration_ms": 74.58, "message": "request_completed"}
INFO:niyamguard.requests:{"level": "INFO", "request_id": "req_54c7e024e97d48368a91e853e2b1936e", "method": "POST", "path": "/api/sandbox/circulars/sbx_86a7ff8a714d/generate-pdf", "status_code": 200, "duration_ms": 58.09, "message": "request_completed"}
INFO:niyamguard.requests:{"level": "INFO", "request_id": "req_05c3fb5eb029468bb244bc9b4abf6b8f", "method": "GET", "path": "/api/sandbox/status", "status_code": 200, "duration_ms": 12.46, "message": "request_completed"}
INFO:niyamguard.requests:{"level": "INFO", "request_id": "req_b6a856f540d544ee9406c5b549f92c92", "method": "GET", "path": "/api/sandbox/circulars", "status_code": 200, "duration_ms": 11.81, "message": "request_completed"}
INFO:niyamguard.requests:{"level": "INFO", "request_id": "req_c2a070c4fb8d46c9adb8d76708da4dc2", "method": "GET", "path": "/api/portal/services", "status_code": 200, "duration_ms": 13.14, "message": "request_completed"}
INFO:niyamguard.requests:{"level": "INFO", "request_id": "req_d533b242e5f2452aa16d5190271088e9", "method": "POST", "path": "/api/sandbox/circulars/sbx_86a7ff8a714d/publish", "status_code": 200, "duration_ms": 101.35, "message": "request_completed"}
INFO:niyamguard.requests:{"level": "INFO", "request_id": "req_abe9db64c2ac4002a9e0fe6afca2045b", "method": "GET", "path": "/api/sandbox/circulars", "status_code": 200, "duration_ms": 8.82, "message": "request_completed"}
INFO:niyamguard.requests:{"level": "INFO", "request_id": "req_bf8d4ee80d1e484f9cb0329e68993b8d", "method": "GET", "path": "/api/sandbox/status", "status_code": 200, "duration_ms": 10.57, "message": "request_completed"}
INFO:niyamguard.requests:{"level": "INFO", "request_id": "req_7cefc5bef3a44daeb105bfda92d35118", "method": "GET", "path": "/api/portal/services", "status_code": 200, "duration_ms": 13.96, "message": "request_completed"}
INFO:niyamguard.requests:{"level": "INFO", "request_id": "req_b4d3a4ee723c43f5bac3488551f18972", "method": "POST", "path": "/api/auth/login", "status_code": 200, "duration_ms": 208.48, "message": "request_completed"}
INFO:niyamguard.requests:{"level": "INFO", "request_id": "req_73eca09c4e8847dca2ec6770d8e75f74", "method": "POST", "path": "/api/sandbox/circulars", "status_code": 200, "duration_ms": 54.18, "message": "request_completed"}
INFO:niyamguard.requests:{"level": "INFO", "request_id": "req_d7e15088f60a41e4832ccf0124c9c87c", "method": "POST", "path": "/api/sandbox/circulars/sbx_f6efbcdbe53f/generate-pdf", "status_code": 200, "duration_ms": 58.31, "message": "request_completed"}
INFO:niyamguard.requests:{"level": "INFO", "request_id": "req_2949d755a90b42d2b5366c50213f8ba8", "method": "POST", "path": "/api/sandbox/circulars/sbx_f6efbcdbe53f/publish", "status_code": 200, "duration_ms": 101.58, "message": "request_completed"}
INFO:niyamguard.requests:{"level": "INFO", "request_id": "req_29ebdfb98280471e94a0c67073ee63e3", "method": "GET", "path": "/api/government/circular-inbox", "status_code": 200, "duration_ms": 25.96, "message": "request_completed"}
INFO:niyamguard.requests:{"level": "INFO", "request_id": "req_ed142a5ac74241c3a96441305307ebf8", "method": "POST", "path": "/api/auth/logout", "status_code": 200, "duration_ms": 16.14, "message": "request_completed"}
INFO:niyamguard.requests:{"level": "INFO", "request_id": "req_453dbd912c1c42c283eb4b594b7accb0", "method": "POST", "path": "/api/auth/login", "status_code": 200, "duration_ms": 190.29, "message": "request_completed"}
INFO:niyamguard.requests:{"level": "INFO", "request_id": "req_8edcfcf046b44fbdac86106e12140a5f", "method": "GET", "path": "/api/government/audit/events", "status_code": 200, "duration_ms": 32.03, "message": "request_completed"}
INFO:niyamguard.requests:{"level": "INFO", "request_id": "req_8170dd6362b940eabaca94a928f6de21", "method": "GET", "path": "/api/dashboard/priority-findings", "status_code": 200, "duration_ms": 67.06, "message": "request_completed"}
INFO:niyamguard.requests:{"level": "INFO", "request_id": "req_e9c9071fd35a426fbaea762f01fb9d48", "method": "GET", "path": "/api/compliance/findings", "status_code": 200, "duration_ms": 73.38, "message": "request_completed"}
INFO:niyamguard.requests:{"level": "INFO", "request_id": "req_4a2ce7abcec942d0933cae2224f0440e", "method": "GET", "path": "/api/circulars", "status_code": 200, "duration_ms": 83.21, "message": "request_completed"}
INFO:niyamguard.requests:{"level": "INFO", "request_id": "req_f1f3cc3978994eb2a4406a9f85bb6455", "method": "GET", "path": "/api/rule-candidates", "status_code": 200, "duration_ms": 102.22, "message": "request_completed"}
INFO:niyamguard.requests:{"level": "INFO", "request_id": "req_e6b64ce965494993b847ec889eaabd9f", "method": "GET", "path": "/api/dashboard/summary", "status_code": 200, "duration_ms": 102.4, "message": "request_completed"}
INFO:niyamguard.requests:{"level": "INFO", "request_id": "req_3ffcc64e0d3e4ca3af34dd052f99041c", "method": "GET", "path": "/api/cascade/finding/find_rule_001_sys_meeseva_portal", "status_code": 200, "duration_ms": 14.48, "message": "request_completed"}
INFO:niyamguard.requests:{"level": "INFO", "request_id": "req_a01961763e01421da94ca2015217072c", "method": "POST", "path": "/api/auth/logout", "status_code": 200, "duration_ms": 18.88, "message": "request_completed"}
INFO:niyamguard.requests:{"level": "INFO", "request_id": "req_be64c37daf6840cdaad4d76fc6375e48", "method": "POST", "path": "/api/auth/login", "status_code": 200, "duration_ms": 345.18, "message": "request_completed"}
INFO:niyamguard.requests:{"level": "INFO", "request_id": "req_45f68c1952dd40508faf7e51ed8ea8bc", "method": "GET", "path": "/api/sandbox/circulars", "status_code": 200, "duration_ms": 22.24, "message": "request_completed"}
INFO:niyamguard.requests:{"level": "INFO", "request_id": "req_cebc22ab2135488c8eec784e85a58d63", "method": "GET", "path": "/api/sandbox/status", "status_code": 200, "duration_ms": 30.43, "message": "request_completed"}
INFO:niyamguard.requests:{"level": "INFO", "request_id": "req_b37f0e8be2564eafb03fe43e7cb19ad3", "method": "GET", "path": "/api/portal/services", "status_code": 200, "duration_ms": 15.98, "message": "request_completed"}
ERROR:asyncio:Exception in callback _ProactorBasePipeTransport._call_connection_lost()
handle: <Handle _ProactorBasePipeTransport._call_connection_lost()>
Traceback (most recent call last):
  File "C:\Users\JASHWANTH\AppData\Local\Programs\Python\Python313\Lib\asyncio\events.py", line 89, in _run
    self._context.run(self._callback, *self._args)
    ~~~~~~~~~~~~~~~~~^^^^^^^^^^^^^^^^^^^^^^^^^^^^^
  File "C:\Users\JASHWANTH\AppData\Local\Programs\Python\Python313\Lib\asyncio\proactor_events.py", line 165, in _call_connection_lost
    self._sock.shutdown(socket.SHUT_RDWR)
    ~~~~~~~~~~~~~~~~~~~^^^^^^^^^^^^^^^^^^
ConnectionResetError: [WinError 10054] An existing connection was forcibly closed by the remote host
ERROR:asyncio:Exception in callback _ProactorBasePipeTransport._call_connection_lost()
handle: <Handle _ProactorBasePipeTransport._call_connection_lost()>
Traceback (most recent call last):
  File "C:\Users\JASHWANTH\AppData\Local\Programs\Python\Python313\Lib\asyncio\events.py", line 89, in _run
    self._context.run(self._callback, *self._args)
    ~~~~~~~~~~~~~~~~~^^^^^^^^^^^^^^^^^^^^^^^^^^^^^
  File "C:\Users\JASHWANTH\AppData\Local\Programs\Python\Python313\Lib\asyncio\proactor_events.py", line 165, in _call_connection_lost
    self._sock.shutdown(socket.SHUT_RDWR)
    ~~~~~~~~~~~~~~~~~~~^^^^^^^^^^^^^^^^^^
ConnectionResetError: [WinError 10054] An existing connection was forcibly closed by the remote host
ERROR:asyncio:Exception in callback _ProactorBasePipeTransport._call_connection_lost()
handle: <Handle _ProactorBasePipeTransport._call_connection_lost()>
Traceback (most recent call last):
  File "C:\Users\JASHWANTH\AppData\Local\Programs\Python\Python313\Lib\asyncio\events.py", line 89, in _run
    self._context.run(self._callback, *self._args)
    ~~~~~~~~~~~~~~~~~^^^^^^^^^^^^^^^^^^^^^^^^^^^^^
  File "C:\Users\JASHWANTH\AppData\Local\Programs\Python\Python313\Lib\asyncio\proactor_events.py", line 165, in _call_connection_lost
    self._sock.shutdown(socket.SHUT_RDWR)
    ~~~~~~~~~~~~~~~~~~~^^^^^^^^^^^^^^^^^^
ConnectionResetError: [WinError 10054] An existing connection was forcibly closed by the remote host
INFO:niyamguard.requests:{"level": "INFO", "request_id": "req_daa1f9d0ee8d4d18b094efd8ad705713", "method": "POST", "path": "/api/sessions", "status_code": 201, "duration_ms": 54.92, "message": "request_completed"}
INFO:niyamguard.requests:{"level": "INFO", "request_id": "req_d953531cbf7e45cda3e87eee4d12d8a7", "method": "GET", "path": "/api/circulars", "status_code": 401, "duration_ms": 17.19, "message": "request_completed"}
INFO:niyamguard.requests:{"level": "INFO", "request_id": "req_48181a5672d04d818020e06570521a79", "method": "GET", "path": "/api/rule-candidates", "status_code": 401, "duration_ms": 17.14, "message": "request_completed"}
INFO:niyamguard.requests:{"level": "INFO", "request_id": "req_2f01c4fa904543fda599c16c99bfc505", "method": "GET", "path": "/api/compliance/findings", "status_code": 401, "duration_ms": 15.58, "message": "request_completed"}
INFO:niyamguard.requests:{"level": "INFO", "request_id": "req_9036636d33d64b73a629dc5543c83ea5", "method": "GET", "path": "/api/dashboard/priority-findings", "status_code": 401, "duration_ms": 17.64, "message": "request_completed"}
INFO:niyamguard.requests:{"level": "INFO", "request_id": "req_dfb5d7fddd6a4f88adf556a8dba5cfa6", "method": "GET", "path": "/api/government/audit/events", "status_code": 401, "duration_ms": 21.64, "message": "request_completed"}
INFO:niyamguard.requests:{"level": "INFO", "request_id": "req_923e5eed50b84cecb695260004292e2d", "method": "GET", "path": "/api/dashboard/summary", "status_code": 200, "duration_ms": 55.52, "message": "request_completed"}
INFO:niyamguard.requests:{"level": "INFO", "request_id": "req_dda6590a1b49487ebe7d9fd78429b2e7", "method": "POST", "path": "/api/auth/login", "status_code": 200, "duration_ms": 503.31, "message": "request_completed"}
INFO:niyamguard.requests:{"level": "INFO", "request_id": "req_21331f1d2f87442784e069162ab15b9a", "method": "POST", "path": "/api/sessions", "status_code": 201, "duration_ms": 11.84, "message": "request_completed"}
INFO:niyamguard.requests:{"level": "INFO", "request_id": "req_2b37f28ae2e54e4081a7f7cfc767c778", "method": "POST", "path": "/api/sessions", "status_code": 201, "duration_ms": 36.24, "message": "request_completed"}
INFO:niyamguard.requests:{"level": "INFO", "request_id": "req_be2c70c279e040538cac217d44951219", "method": "GET", "path": "/api/portal/services", "status_code": 200, "duration_ms": 42.44, "message": "request_completed"}
INFO:niyamguard.requests:{"level": "INFO", "request_id": "req_874add4390254d9b87be00caa65a825c", "method": "POST", "path": "/api/sessions", "status_code": 201, "duration_ms": 37.09, "message": "request_completed"}
INFO:niyamguard.requests:{"level": "INFO", "request_id": "req_10ce88a31c6d495ca0d1dc29548e580a", "method": "GET", "path": "/api/portal/services/income_certificate", "status_code": 200, "duration_ms": 34.92, "message": "request_completed"}
INFO:niyamguard.requests:{"level": "INFO", "request_id": "req_888c3372a3854f22883ea31943bdfb7f", "method": "POST", "path": "/api/stt/transcribe", "status_code": 503, "duration_ms": 13.62, "message": "request_completed"}
INFO:niyamguard.assistant:assistant_request session_id=17f9673128bf434c999871f62ec3bc2b form_id=income_certificate message='first place loam rayali'
INFO:niyamguard.requests:{"level": "INFO", "request_id": "req_3c49de5ecad646d39d3bb1294145b7e5", "method": "POST", "path": "/api/assistant/ask", "status_code": 200, "duration_ms": 43.03, "message": "request_completed"}
INFO:niyamguard.requests:{"level": "INFO", "request_id": "req_c04d15bb2c434fe0b9ac3745893bf070", "method": "POST", "path": "/api/tts/speak", "status_code": 200, "duration_ms": 9.21, "message": "request_completed"}
INFO:niyamguard.assistant:assistant_request session_id=17f9673128bf434c999871f62ec3bc2b form_id=income_certificate message='\u0c2a\u0c30\u0c4d\u0c2a\u0c38\u0c4d \u0c32\u0c4b \u0c28\u0c47\u0c28\u0c41 \u0c0f\u0c2e\u0c3f \u0c30\u0c3e\u0c2f\u0c3e\u0c32\u0c3f'
INFO:niyamguard.requests:{"level": "INFO", "request_id": "req_2c2ae9cb7e154203b705305219530c30", "method": "POST", "path": "/api/assistant/ask", "status_code": 200, "duration_ms": 18.21, "message": "request_completed"}
INFO:niyamguard.requests:{"level": "INFO", "request_id": "req_10a4350545544a15a88594dbd195cb60", "method": "POST", "path": "/api/tts/speak", "status_code": 200, "duration_ms": 3.8, "message": "request_completed"}
INFO:niyamguard.assistant:assistant_request session_id=17f9673128bf434c999871f62ec3bc2b form_id=income_certificate message='\u0c07\u0c26\u0c3f \u0c05\u0c28\u0c4d\u0c2f\u0c41\u0c35\u0c32\u0c4d \u0c07\u0c28\u0c4d\u0c15\u0c2e\u0c4d \u0c26\u0c17\u0c4d\u0c17\u0c30 \u0c0f\u0c02 \u0c30\u0c3e\u0c2f\u0c3e\u0c32\u0c3f \u0c28\u0c3e \u0c2e\u0c02\u0c24\u0c4d\u0c32\u0c40 \u0c07\u0c28\u0c4d\u0c15\u0c2e\u0c4d 10 \u0c15\u0c47'
INFO:niyamguard.requests:{"level": "INFO", "request_id": "req_bcf7800ceb4d4acf992a1a1d629f5b5a", "method": "POST", "path": "/api/assistant/ask", "status_code": 200, "duration_ms": 14.73, "message": "request_completed"}
INFO:niyamguard.requests:{"level": "INFO", "request_id": "req_a55fc585427c49ac83e8ccceb52ba25d", "method": "POST", "path": "/api/tts/speak", "status_code": 200, "duration_ms": 3.68, "message": "request_completed"}
INFO:niyamguard.assistant:assistant_request session_id=17f9673128bf434c999871f62ec3bc2b form_id=income_certificate message='\u0c05\u0c28\u0c4d\u0c2f\u0c41\u0c35\u0c32\u0c4d \u0c07\u0c28\u0c4d\u0c15\u0c2e\u0c4d \u0c26\u0c17\u0c4d\u0c17\u0c30 \u0c0f\u0c02 \u0c30\u0c3e\u0c2f\u0c3e\u0c32\u0c3f'
INFO:niyamguard.requests:{"level": "INFO", "request_id": "req_83bcc33b03ff4088b3e4981a8949a229", "method": "POST", "path": "/api/assistant/ask", "status_code": 200, "duration_ms": 36.81, "message": "request_completed"}
INFO:niyamguard.requests:{"level": "INFO", "request_id": "req_f08ae6b563c54ae38707ee26ae61f9ee", "method": "POST", "path": "/api/tts/speak", "status_code": 200, "duration_ms": 5.63, "message": "request_completed"}
INFO:niyamguard.assistant:assistant_request session_id=17f9673128bf434c999871f62ec3bc2b form_id=income_certificate message='annual income'
INFO:niyamguard.requests:{"level": "INFO", "request_id": "req_9923ce8004ad4bd5906f0d200261d7ce", "method": "POST", "path": "/api/assistant/ask", "status_code": 200, "duration_ms": 11.37, "message": "request_completed"}
INFO:niyamguard.assistant:assistant_request session_id=17f9673128bf434c999871f62ec3bc2b form_id=income_certificate message="annual income the guy I'm really"
INFO:niyamguard.requests:{"level": "INFO", "request_id": "req_7431b18d947f49b88e67913e44c43ae7", "method": "POST", "path": "/api/assistant/ask", "status_code": 200, "duration_ms": 31.0, "message": "request_completed"}
INFO:niyamguard.requests:{"level": "INFO", "request_id": "req_10a1e2173c3c41f68e8e42de4456246c", "method": "POST", "path": "/api/applications", "status_code": 201, "duration_ms": 99.32, "message": "request_completed"}
INFO:niyamguard.requests:{"level": "INFO", "request_id": "req_861de3c2e1634f77aa6928b12d188d66", "method": "POST", "path": "/api/applications/app_c873596b39a846f8a52f33a12a76ba5e/submit", "status_code": 422, "duration_ms": 34.87, "message": "request_completed"}
INFO:niyamguard.requests:{"level": "INFO", "request_id": "req_0599a4e8dbb5462a8204da8891843f66", "method": "GET", "path": "/api/portal/services", "status_code": 200, "duration_ms": 45.5, "message": "request_completed"}
INFO:niyamguard.requests:{"level": "INFO", "request_id": "req_78bcfc9e26b04531aee844f420eb0daa", "method": "POST", "path": "/api/sessions", "status_code": 201, "duration_ms": 19.4, "message": "request_completed"}
INFO:niyamguard.assistant:assistant_request session_id=7deb6a080a42430d8d0485463d908aa2 form_id=catalog message='student'
INFO:niyamguard.requests:{"level": "INFO", "request_id": "req_cc7af7fe53a4420c9d7dbe2f3607cd45", "method": "POST", "path": "/api/assistant/ask", "status_code": 200, "duration_ms": 40.92, "message": "request_completed"}
ERROR:asyncio:Exception in callback _ProactorBasePipeTransport._call_connection_lost()
handle: <Handle _ProactorBasePipeTransport._call_connection_lost()>
Traceback (most recent call last):
  File "C:\Users\JASHWANTH\AppData\Local\Programs\Python\Python313\Lib\asyncio\events.py", line 89, in _run
    self._context.run(self._callback, *self._args)
    ~~~~~~~~~~~~~~~~~^^^^^^^^^^^^^^^^^^^^^^^^^^^^^
  File "C:\Users\JASHWANTH\AppData\Local\Programs\Python\Python313\Lib\asyncio\proactor_events.py", line 165, in _call_connection_lost
    self._sock.shutdown(socket.SHUT_RDWR)
    ~~~~~~~~~~~~~~~~~~~^^^^^^^^^^^^^^^^^^
ConnectionResetError: [WinError 10054] An existing connection was forcibly closed by the remote host
INFO:niyamguard.requests:{"level": "INFO", "request_id": "req_75d90c5211ab4878903d747cce7dba9d", "method": "POST", "path": "/api/sessions", "status_code": 201, "duration_ms": 21.05, "message": "request_completed"}
INFO:niyamguard.requests:{"level": "INFO", "request_id": "req_ce36fe01381a4b01acbbd267405e40ab", "method": "GET", "path": "/api/notifications", "status_code": 200, "duration_ms": 56.73, "message": "request_completed"}
INFO:niyamguard.requests:{"level": "INFO", "request_id": "req_036cd768c00f4a4896291288be462d00", "method": "GET", "path": "/api/applications", "status_code": 200, "duration_ms": 85.64, "message": "request_completed"}
INFO:niyamguard.requests:{"level": "INFO", "request_id": "req_9108fce2a3044d76b939bbec56937990", "method": "GET", "path": "/api/citizen/profile", "status_code": 200, "duration_ms": 102.5, "message": "request_completed"}
INFO:niyamguard.requests:{"level": "INFO", "request_id": "req_6f5145a966594e70872a6f33dcc34a96", "method": "GET", "path": "/api/citizen/documents", "status_code": 200, "duration_ms": 25.9, "message": "request_completed"}
INFO:niyamguard.requests:{"level": "INFO", "request_id": "req_76ee8230392a40cfa54331ba7e9bd978", "method": "POST", "path": "/api/sessions", "status_code": 201, "duration_ms": 11.17, "message": "request_completed"}
INFO:niyamguard.requests:{"level": "INFO", "request_id": "req_03bea30b8e9841edbf68377a50534059", "method": "POST", "path": "/api/auth/logout", "status_code": 200, "duration_ms": 32.33, "message": "request_completed"}
INFO:niyamguard.requests:{"level": "INFO", "request_id": "req_8f08b358c11042dcaebe6aca43f21879", "method": "POST", "path": "/api/auth/login", "status_code": 200, "duration_ms": 498.16, "message": "request_completed"}
INFO:niyamguard.requests:{"level": "INFO", "request_id": "req_3ae62c30ae864f62908544ade7eac224", "method": "GET", "path": "/api/circulars", "status_code": 200, "duration_ms": 81.83, "message": "request_completed"}
INFO:niyamguard.requests:{"level": "INFO", "request_id": "req_30fe95dfdd694eb797cdb651a4a06f15", "method": "GET", "path": "/api/government/audit/events", "status_code": 200, "duration_ms": 101.41, "message": "request_completed"}
INFO:niyamguard.requests:{"level": "INFO", "request_id": "req_156a69b62bed48599a0818d5108b86c2", "method": "GET", "path": "/api/compliance/findings", "status_code": 200, "duration_ms": 117.92, "message": "request_completed"}
INFO:niyamguard.requests:{"level": "INFO", "request_id": "req_5b99aa43f2544a2b9b1c1c154967f09c", "method": "GET", "path": "/api/rule-candidates", "status_code": 200, "duration_ms": 159.82, "message": "request_completed"}
INFO:niyamguard.requests:{"level": "INFO", "request_id": "req_06d1cbe6cb504b4f8ce4c2f6aa73d15a", "method": "GET", "path": "/api/dashboard/priority-findings", "status_code": 200, "duration_ms": 170.78, "message": "request_completed"}
INFO:niyamguard.requests:{"level": "INFO", "request_id": "req_ca43f02e1e7e47648ff0673f0f39fe9a", "method": "GET", "path": "/api/dashboard/summary", "status_code": 200, "duration_ms": 163.41, "message": "request_completed"}
INFO:niyamguard.requests:{"level": "INFO", "request_id": "req_71a2afd3451a4fcf95075fd26a999148", "method": "GET", "path": "/api/cascade/finding/find_rule_001_sys_meeseva_portal", "status_code": 200, "duration_ms": 21.89, "message": "request_completed"}
INFO:niyamguard.requests:{"level": "INFO", "request_id": "req_fb75612795a24eebb56e93a4642621a5", "method": "POST", "path": "/api/auth/logout", "status_code": 200, "duration_ms": 28.4, "message": "request_completed"}
INFO:niyamguard.requests:{"level": "INFO", "request_id": "req_190bf4a10a4e4907ba5ae7467a2bd698", "method": "POST", "path": "/api/auth/login", "status_code": 200, "duration_ms": 283.45, "message": "request_completed"}
INFO:niyamguard.requests:{"level": "INFO", "request_id": "req_4af6e5097bab49128a2ccfbb17aa6412", "method": "GET", "path": "/api/government/audit/events", "status_code": 200, "duration_ms": 77.21, "message": "request_completed"}
INFO:niyamguard.requests:{"level": "INFO", "request_id": "req_f6d177f381544f88a7ac95ac4fc48d4e", "method": "GET", "path": "/api/dashboard/priority-findings", "status_code": 200, "duration_ms": 109.73, "message": "request_completed"}
INFO:niyamguard.requests:{"level": "INFO", "request_id": "req_4208176aaf34466aa40ca42ea0b2d15f", "method": "GET", "path": "/api/compliance/findings", "status_code": 200, "duration_ms": 126.44, "message": "request_completed"}
INFO:niyamguard.requests:{"level": "INFO", "request_id": "req_e4f3e65bf83e4fa38eb815800a74e98c", "method": "GET", "path": "/api/circulars", "status_code": 200, "duration_ms": 159.91, "message": "request_completed"}
INFO:niyamguard.requests:{"level": "INFO", "request_id": "req_f846181ebd2e423f957305e86954e3e1", "method": "GET", "path": "/api/dashboard/summary", "status_code": 200, "duration_ms": 151.05, "message": "request_completed"}
INFO:niyamguard.requests:{"level": "INFO", "request_id": "req_7f4403d841874eb9aef66503fdc98707", "method": "GET", "path": "/api/rule-candidates", "status_code": 200, "duration_ms": 174.2, "message": "request_completed"}
INFO:niyamguard.requests:{"level": "INFO", "request_id": "req_684970689ebb4ab3a75a587caafd6da5", "method": "GET", "path": "/api/cascade/finding/find_rule_001_sys_meeseva_portal", "status_code": 200, "duration_ms": 23.82, "message": "request_completed"}
INFO:niyamguard.requests:{"level": "INFO", "request_id": "req_f953680cac5145668c45414da41ddd89", "method": "GET", "path": "/api/officer/pending", "status_code": 200, "duration_ms": 73.87, "message": "request_completed"}
INFO:niyamguard.requests:{"level": "INFO", "request_id": "req_5c8639e0179e431f9b86cbf2627c3db9", "method": "GET", "path": "/api/officer/pending", "status_code": 200, "duration_ms": 58.83, "message": "request_completed"}
INFO:niyamguard.requests:{"level": "INFO", "request_id": "req_817b74f2e5df42a3813f1cbeece94828", "method": "POST", "path": "/api/auth/logout", "status_code": 200, "duration_ms": 35.21, "message": "request_completed"}
INFO:niyamguard.requests:{"level": "INFO", "request_id": "req_d616404278494b749f47084d8d001231", "method": "POST", "path": "/api/auth/login", "status_code": 200, "duration_ms": 504.46, "message": "request_completed"}
INFO:niyamguard.requests:{"level": "INFO", "request_id": "req_f38bb40651c644c596b769e14c272272", "method": "POST", "path": "/api/sessions", "status_code": 201, "duration_ms": 16.47, "message": "request_completed"}
INFO:niyamguard.requests:{"level": "INFO", "request_id": "req_5264b03aac594d17907e733fbfb51140", "method": "GET", "path": "/api/portal/services", "status_code": 200, "duration_ms": 46.24, "message": "request_completed"}
INFO:niyamguard.requests:{"level": "INFO", "request_id": "req_ac76922783fc4513a26ca70cad0e9df6", "method": "POST", "path": "/api/sessions", "status_code": 201, "duration_ms": 23.34, "message": "request_completed"}
INFO:niyamguard.requests:{"level": "INFO", "request_id": "req_5c4fd0aff60f48dc8d5bf51f36c0c59a", "method": "GET", "path": "/api/portal/services", "status_code": 200, "duration_ms": 45.35, "message": "request_completed"}
INFO:niyamguard.requests:{"level": "INFO", "request_id": "req_ae8a78bb39144f7aaa09acf15d216457", "method": "GET", "path": "/api/applications", "status_code": 200, "duration_ms": 87.8, "message": "request_completed"}
INFO:niyamguard.requests:{"level": "INFO", "request_id": "req_97cb6191b8a442c0a56957c94a176817", "method": "POST", "path": "/api/sessions", "status_code": 201, "duration_ms": 77.61, "message": "request_completed"}
INFO:niyamguard.requests:{"level": "INFO", "request_id": "req_808d28f8d62d4e5b90175d06a157299c", "method": "GET", "path": "/api/notifications", "status_code": 200, "duration_ms": 103.66, "message": "request_completed"}
INFO:niyamguard.requests:{"level": "INFO", "request_id": "req_d692978f9963404e95536a1e4b4059b8", "method": "GET", "path": "/api/applications/app_c873596b39a846f8a52f33a12a76ba5e", "status_code": 200, "duration_ms": 39.32, "message": "request_completed"}
INFO:niyamguard.requests:{"level": "INFO", "request_id": "req_61cd6b95531f475d93c1fc94a13b659b", "method": "GET", "path": "/api/applications/app_c873596b39a846f8a52f33a12a76ba5e", "status_code": 200, "duration_ms": 33.99, "message": "request_completed"}
INFO:niyamguard.requests:{"level": "INFO", "request_id": "req_7e0db385c71f46999a893d6af1c2bd37", "method": "GET", "path": "/api/notifications", "status_code": 200, "duration_ms": 69.2, "message": "request_completed"}
INFO:niyamguard.requests:{"level": "INFO", "request_id": "req_a72c4178868b4e5797a230c036970c59", "method": "GET", "path": "/api/applications", "status_code": 200, "duration_ms": 93.1, "message": "request_completed"}
INFO:niyamguard.requests:{"level": "INFO", "request_id": "req_d19cc8fe99bc44e3a4c5c892a4409894", "method": "GET", "path": "/api/applications/app_c873596b39a846f8a52f33a12a76ba5e", "status_code": 200, "duration_ms": 43.65, "message": "request_completed"}
INFO:niyamguard.requests:{"level": "INFO", "request_id": "req_226bba1c9a4f441294c5a1d3da9e77c7", "method": "GET", "path": "/api/applications", "status_code": 200, "duration_ms": 85.18, "message": "request_completed"}
INFO:niyamguard.requests:{"level": "INFO", "request_id": "req_77354510b19440d1a8063c01ffdedd74", "method": "GET", "path": "/api/notifications", "status_code": 200, "duration_ms": 98.71, "message": "request_completed"}
INFO:niyamguard.requests:{"level": "INFO", "request_id": "req_6b7016d6445544f0b45c58c550f797c1", "method": "POST", "path": "/api/auth/logout", "status_code": 200, "duration_ms": 41.18, "message": "request_completed"}
INFO:niyamguard.requests:{"level": "INFO", "request_id": "req_b254ea8cc5de4f9f9846c3a910c14fb0", "method": "POST", "path": "/api/sessions", "status_code": 201, "duration_ms": 13.5, "message": "request_completed"}
INFO:niyamguard.requests:{"level": "INFO", "request_id": "req_41326ce6a69d478bbd30fa8ae43c3b42", "method": "POST", "path": "/api/auth/login", "status_code": 200, "duration_ms": 522.35, "message": "request_completed"}
INFO:niyamguard.requests:{"level": "INFO", "request_id": "req_4aef2fcd28b6446f8ff756e4abd68c2f", "method": "POST", "path": "/api/sessions", "status_code": 201, "duration_ms": 11.97, "message": "request_completed"}
INFO:niyamguard.requests:{"level": "INFO", "request_id": "req_29bfc3c0a09b4a70843cd693fb1ec928", "method": "POST", "path": "/api/sessions", "status_code": 201, "duration_ms": 33.38, "message": "request_completed"}
INFO:niyamguard.requests:{"level": "INFO", "request_id": "req_e23ae9cf297e4a99b0072f027fa6740f", "method": "GET", "path": "/api/portal/services", "status_code": 200, "duration_ms": 33.11, "message": "request_completed"}
INFO:niyamguard.requests:{"level": "INFO", "request_id": "req_0ca958c04a3e45f5b28c1d01f823f36d", "method": "POST", "path": "/api/sessions", "status_code": 201, "duration_ms": 17.83, "message": "request_completed"}
INFO:niyamguard.requests:{"level": "INFO", "request_id": "req_db756d70e8b1403c9eaa5fd8df252b77", "method": "GET", "path": "/api/portal/services/income_certificate", "status_code": 200, "duration_ms": 54.26, "message": "request_completed"}
INFO:niyamguard.requests:{"level": "INFO", "request_id": "req_13a869f5ca6f46b6bee692411cef4112", "method": "POST", "path": "/api/stt/transcribe", "status_code": 503, "duration_ms": 5.08, "message": "request_completed"}
INFO:niyamguard.assistant:assistant_request session_id=db710366b41e44a79382fe6e63dd017c form_id=income_certificate message='Indra testing'
INFO:niyamguard.requests:{"level": "INFO", "request_id": "req_6fc78faa7b3b4f08856320f0b5907817", "method": "POST", "path": "/api/assistant/ask", "status_code": 200, "duration_ms": 9.01, "message": "request_completed"}
INFO:niyamguard.assistant:assistant_request session_id=db710366b41e44a79382fe6e63dd017c form_id=income_certificate message='Naaku annual income me Telugu explain'
INFO:niyamguard.requests:{"level": "INFO", "request_id": "req_04856f2ea3164f9da89bb0be0e5feac0", "method": "POST", "path": "/api/assistant/ask", "status_code": 200, "duration_ms": 32.58, "message": "request_completed"}
INFO:niyamguard.requests:{"level": "INFO", "request_id": "req_3f1838cd8d724f57872a57a5722930e7", "method": "POST", "path": "/api/chat", "status_code": 200, "duration_ms": 397.74, "message": "request_completed"}
INFO:niyamguard.requests:{"level": "INFO", "request_id": "req_6afe3412b62544c7953d9e280aad2add", "method": "POST", "path": "/api/chat", "status_code": 200, "duration_ms": 410.61, "message": "request_completed"}
INFO:niyamguard.requests:{"level": "INFO", "request_id": "req_160c7eefaa784cce846d3add29511568", "method": "POST", "path": "/api/sessions", "status_code": 201, "duration_ms": 7.44, "message": "request_completed"}
INFO:niyamguard.requests:{"level": "INFO", "request_id": "req_d6877b4d77e34f3bb35a277a719e73a4", "method": "POST", "path": "/api/sessions", "status_code": 201, "duration_ms": 20.38, "message": "request_completed"}
INFO:niyamguard.requests:{"level": "INFO", "request_id": "req_27d6da5f6a494fec81f1c4af5c728b4e", "method": "GET", "path": "/api/notifications", "status_code": 200, "duration_ms": 55.73, "message": "request_completed"}
INFO:niyamguard.requests:{"level": "INFO", "request_id": "req_31c91e9313924155a56f2442b478ceb3", "method": "GET", "path": "/api/applications", "status_code": 200, "duration_ms": 62.29, "message": "request_completed"}
INFO:niyamguard.requests:{"level": "INFO", "request_id": "req_71730d8d167a45ddad1c41236fbd17e1", "method": "GET", "path": "/api/citizen/profile", "status_code": 200, "duration_ms": 27.16, "message": "request_completed"}
INFO:niyamguard.requests:{"level": "INFO", "request_id": "req_e523c5ef94034b6faa234f8bdfdf113b", "method": "GET", "path": "/api/citizen/documents", "status_code": 200, "duration_ms": 34.63, "message": "request_completed"}
INFO:niyamguard.requests:{"level": "INFO", "request_id": "req_d83dd90b09934e00b9d6248eecb79577", "method": "GET", "path": "/api/citizen/profile", "status_code": 200, "duration_ms": 31.0, "message": "request_completed"}
INFO:niyamguard.requests:{"level": "INFO", "request_id": "req_ed53bd5364264f7a9efcd11e529c9bad", "method": "GET", "path": "/api/citizen/documents", "status_code": 200, "duration_ms": 54.43, "message": "request_completed"}
INFO:niyamguard.requests:{"level": "INFO", "request_id": "req_5a2aa05a37154cb285d3c066a71aca31", "method": "POST", "path": "/api/auth/logout", "status_code": 200, "duration_ms": 35.53, "message": "request_completed"}
INFO:niyamguard.requests:{"level": "INFO", "request_id": "req_0c93c963e36b475ca10eaf22c657f33d", "method": "POST", "path": "/api/auth/login", "status_code": 200, "duration_ms": 284.72, "message": "request_completed"}
INFO:niyamguard.requests:{"level": "INFO", "request_id": "req_2e45e29452a54aad91348799fad56524", "method": "GET", "path": "/api/government/audit/events", "status_code": 200, "duration_ms": 38.9, "message": "request_completed"}
INFO:niyamguard.requests:{"level": "INFO", "request_id": "req_fd7de02217814fd78f29d86785022862", "method": "GET", "path": "/api/rule-candidates", "status_code": 200, "duration_ms": 122.39, "message": "request_completed"}
INFO:niyamguard.requests:{"level": "INFO", "request_id": "req_7bd8ca3744004491b09112eeb8c0f703", "method": "GET", "path": "/api/compliance/findings", "status_code": 200, "duration_ms": 149.47, "message": "request_completed"}
INFO:niyamguard.requests:{"level": "INFO", "request_id": "req_df59073de48646f1827b145dd992a8cd", "method": "GET", "path": "/api/circulars", "status_code": 200, "duration_ms": 164.27, "message": "request_completed"}
INFO:niyamguard.requests:{"level": "INFO", "request_id": "req_762859bf03b8472a92d88e0f644a298d", "method": "GET", "path": "/api/dashboard/priority-findings", "status_code": 200, "duration_ms": 167.76, "message": "request_completed"}
INFO:niyamguard.requests:{"level": "INFO", "request_id": "req_85acc1ad65204be4a44132a8392cb8df", "method": "GET", "path": "/api/dashboard/summary", "status_code": 200, "duration_ms": 161.35, "message": "request_completed"}
INFO:niyamguard.requests:{"level": "INFO", "request_id": "req_968b7201499d498bb99c25e40167c43b", "method": "GET", "path": "/api/cascade/finding/find_rule_001_sys_meeseva_portal", "status_code": 200, "duration_ms": 20.36, "message": "request_completed"}
INFO:niyamguard.requests:{"level": "INFO", "request_id": "req_4a5f20d7016a4947afba85b48418af77", "method": "POST", "path": "/api/auth/logout", "status_code": 200, "duration_ms": 47.64, "message": "request_completed"}
INFO:niyamguard.requests:{"level": "INFO", "request_id": "req_958979d62e3147aa84dee0a3e7a18a0a", "method": "POST", "path": "/api/auth/login", "status_code": 200, "duration_ms": 505.9, "message": "request_completed"}
INFO:niyamguard.requests:{"level": "INFO", "request_id": "req_5198eb23d9f04862b5f4ee25f74facbe", "method": "GET", "path": "/api/government/audit/events", "status_code": 200, "duration_ms": 117.95, "message": "request_completed"}
INFO:niyamguard.requests:{"level": "INFO", "request_id": "req_6fa5b3749d35488db9a3dd7b1b351931", "method": "GET", "path": "/api/dashboard/priority-findings", "status_code": 200, "duration_ms": 138.46, "message": "request_completed"}
INFO:niyamguard.requests:{"level": "INFO", "request_id": "req_3a97885c5e2e42258a3dd31e67ee6825", "method": "GET", "path": "/api/compliance/findings", "status_code": 200, "duration_ms": 145.12, "message": "request_completed"}
INFO:niyamguard.requests:{"level": "INFO", "request_id": "req_aae496a9e1e941029040454e1fcb4bb2", "method": "GET", "path": "/api/rule-candidates", "status_code": 200, "duration_ms": 156.1, "message": "request_completed"}
INFO:niyamguard.requests:{"level": "INFO", "request_id": "req_9ab8e567eb6c46fa82995c85398cc61a", "method": "GET", "path": "/api/circulars", "status_code": 200, "duration_ms": 171.69, "message": "request_completed"}
INFO:niyamguard.requests:{"level": "INFO", "request_id": "req_2c9bd5488e524c4093d4b059d300d6ae", "method": "GET", "path": "/api/dashboard/summary", "status_code": 200, "duration_ms": 158.69, "message": "request_completed"}
INFO:niyamguard.requests:{"level": "INFO", "request_id": "req_7e8cb1b5e25c491db43f655968cfb083", "method": "GET", "path": "/api/cascade/finding/find_rule_001_sys_meeseva_portal", "status_code": 200, "duration_ms": 25.11, "message": "request_completed"}
INFO:niyamguard.requests:{"level": "INFO", "request_id": "req_27855b19cd8d49608e68144b30e44775", "method": "POST", "path": "/api/auth/logout", "status_code": 200, "duration_ms": 65.64, "message": "request_completed"}
INFO:niyamguard.requests:{"level": "INFO", "request_id": "req_199a5d3d9d9b49c1a6f466a87ed31bcc", "method": "POST", "path": "/api/auth/login", "status_code": 200, "duration_ms": 263.09, "message": "request_completed"}
INFO:niyamguard.requests:{"level": "INFO", "request_id": "req_c7ab6729fb494435add36773209d7c2f", "method": "GET", "path": "/api/government/audit/events", "status_code": 200, "duration_ms": 85.02, "message": "request_completed"}
INFO:niyamguard.requests:{"level": "INFO", "request_id": "req_0bb9c8fb63654988bfad601f0be4a487", "method": "GET", "path": "/api/circulars", "status_code": 200, "duration_ms": 134.31, "message": "request_completed"}
INFO:niyamguard.requests:{"level": "INFO", "request_id": "req_ccb1567f840e43b3b286e7c3124d35e5", "method": "GET", "path": "/api/dashboard/priority-findings", "status_code": 200, "duration_ms": 121.82, "message": "request_completed"}
INFO:niyamguard.requests:{"level": "INFO", "request_id": "req_cffdfb0978e045b685dd7e374739ca71", "method": "GET", "path": "/api/compliance/findings", "status_code": 200, "duration_ms": 150.75, "message": "request_completed"}
INFO:niyamguard.requests:{"level": "INFO", "request_id": "req_3e689ce7b49147568627a5b95883b0b6", "method": "GET", "path": "/api/rule-candidates", "status_code": 200, "duration_ms": 172.21, "message": "request_completed"}
INFO:niyamguard.requests:{"level": "INFO", "request_id": "req_16c8d77bd5a4429d8abd049311c80d87", "method": "GET", "path": "/api/dashboard/summary", "status_code": 200, "duration_ms": 162.11, "message": "request_completed"}
INFO:niyamguard.requests:{"level": "INFO", "request_id": "req_e5acdde5b2f542dd83b53648815f6e45", "method": "GET", "path": "/api/cascade/finding/find_rule_001_sys_meeseva_portal", "status_code": 200, "duration_ms": 22.73, "message": "request_completed"}
INFO:niyamguard.requests:{"level": "INFO", "request_id": "req_03b198276a704ef883002317e1a7064b", "method": "GET", "path": "/api/officer/pending", "status_code": 200, "duration_ms": 53.34, "message": "request_completed"}
INFO:niyamguard.requests:{"level": "INFO", "request_id": "req_b5386737d35b4f15819dfe16f0015a7f", "method": "POST", "path": "/api/auth/logout", "status_code": 200, "duration_ms": 46.77, "message": "request_completed"}
INFO:niyamguard.requests:{"level": "INFO", "request_id": "req_9684a4c32ba94cab9226f982ffb22dfa", "method": "POST", "path": "/api/auth/login", "status_code": 200, "duration_ms": 485.97, "message": "request_completed"}
INFO:niyamguard.requests:{"level": "INFO", "request_id": "req_7e48fe3d4c4c492a82014c1916b65ce7", "method": "GET", "path": "/api/government/audit/events", "status_code": 200, "duration_ms": 65.76, "message": "request_completed"}
INFO:niyamguard.requests:{"level": "INFO", "request_id": "req_7492dd7c0c324968a55f79c8ea3db7e0", "method": "GET", "path": "/api/circulars", "status_code": 200, "duration_ms": 311.48, "message": "request_completed"}
INFO:niyamguard.requests:{"level": "INFO", "request_id": "req_50e475c431994668806b8379827e07a7", "method": "GET", "path": "/api/compliance/findings", "status_code": 200, "duration_ms": 330.01, "message": "request_completed"}
INFO:niyamguard.requests:{"level": "INFO", "request_id": "req_abfc9352f181410da2a80ad685789251", "method": "GET", "path": "/api/dashboard/summary", "status_code": 200, "duration_ms": 323.82, "message": "request_completed"}
INFO:niyamguard.requests:{"level": "INFO", "request_id": "req_8afa7e956617410f9a4418344b508c13", "method": "GET", "path": "/api/rule-candidates", "status_code": 200, "duration_ms": 342.46, "message": "request_completed"}
INFO:niyamguard.requests:{"level": "INFO", "request_id": "req_68a07461da8a42eebd86f1cb2d5d35e2", "method": "GET", "path": "/api/dashboard/priority-findings", "status_code": 200, "duration_ms": 344.05, "message": "request_completed"}
INFO:niyamguard.requests:{"level": "INFO", "request_id": "req_31a87a6602444cab88e15be60c532ac5", "method": "GET", "path": "/api/cascade/finding/find_rule_001_sys_meeseva_portal", "status_code": 200, "duration_ms": 24.91, "message": "request_completed"}
INFO:niyamguard.requests:{"level": "INFO", "request_id": "req_016377bd0ba840e688b6c7447f850a9e", "method": "POST", "path": "/api/auth/logout", "status_code": 200, "duration_ms": 45.98, "message": "request_completed"}
INFO:niyamguard.requests:{"level": "INFO", "request_id": "req_2acac6ab378f4969810f4fc7ed6d1cff", "method": "POST", "path": "/api/auth/login", "status_code": 200, "duration_ms": 511.87, "message": "request_completed"}
INFO:niyamguard.requests:{"level": "INFO", "request_id": "req_ceb9de55b252476184d7bbbc8f2dcaa7", "method": "POST", "path": "/api/sessions", "status_code": 201, "duration_ms": 16.86, "message": "request_completed"}
INFO:niyamguard.requests:{"level": "INFO", "request_id": "req_1433e39b601148b990fa0992de01d8f0", "method": "POST", "path": "/api/auth/logout", "status_code": 200, "duration_ms": 37.11, "message": "request_completed"}
INFO:niyamguard.requests:{"level": "INFO", "request_id": "req_50c89d7c406741e4a6d446cbd40ef194", "method": "POST", "path": "/api/auth/login", "status_code": 200, "duration_ms": 694.05, "message": "request_completed"}
ERROR:asyncio:Exception in callback _ProactorBasePipeTransport._call_connection_lost()
handle: <Handle _ProactorBasePipeTransport._call_connection_lost()>
Traceback (most recent call last):
  File "C:\Users\JASHWANTH\AppData\Local\Programs\Python\Python313\Lib\asyncio\events.py", line 89, in _run
    self._context.run(self._callback, *self._args)
    ~~~~~~~~~~~~~~~~~^^^^^^^^^^^^^^^^^^^^^^^^^^^^^
  File "C:\Users\JASHWANTH\AppData\Local\Programs\Python\Python313\Lib\asyncio\proactor_events.py", line 165, in _call_connection_lost
    self._sock.shutdown(socket.SHUT_RDWR)
    ~~~~~~~~~~~~~~~~~~~^^^^^^^^^^^^^^^^^^
ConnectionResetError: [WinError 10054] An existing connection was forcibly closed by the remote host
ERROR:asyncio:Exception in callback _ProactorBasePipeTransport._call_connection_lost()
handle: <Handle _ProactorBasePipeTransport._call_connection_lost()>
Traceback (most recent call last):
  File "C:\Users\JASHWANTH\AppData\Local\Programs\Python\Python313\Lib\asyncio\events.py", line 89, in _run
    self._context.run(self._callback, *self._args)
    ~~~~~~~~~~~~~~~~~^^^^^^^^^^^^^^^^^^^^^^^^^^^^^
  File "C:\Users\JASHWANTH\AppData\Local\Programs\Python\Python313\Lib\asyncio\proactor_events.py", line 165, in _call_connection_lost
    self._sock.shutdown(socket.SHUT_RDWR)
    ~~~~~~~~~~~~~~~~~~~^^^^^^^^^^^^^^^^^^
ConnectionResetError: [WinError 10054] An existing connection was forcibly closed by the remote host
INFO:niyamguard.requests:{"level": "INFO", "request_id": "req_31c7daa243d841b899f0ff97bbe47649", "method": "GET", "path": "/api/circulars", "status_code": 200, "duration_ms": 188.61, "message": "request_completed"}
INFO:niyamguard.requests:{"level": "INFO", "request_id": "req_64e1afa2c03e4c08afc92ead36d7d628", "method": "GET", "path": "/api/government/audit/events", "status_code": 200, "duration_ms": 242.43, "message": "request_completed"}
INFO:niyamguard.requests:{"level": "INFO", "request_id": "req_6cf70342949c4866a47c12d761798239", "method": "GET", "path": "/api/compliance/findings", "status_code": 200, "duration_ms": 267.17, "message": "request_completed"}
INFO:niyamguard.requests:{"level": "INFO", "request_id": "req_cf4c76ae1c3048ec99161fd70cf9a1c1", "method": "GET", "path": "/api/dashboard/priority-findings", "status_code": 200, "duration_ms": 269.25, "message": "request_completed"}
INFO:niyamguard.requests:{"level": "INFO", "request_id": "req_00e506692dfb4e1cbb1aa2155318696d", "method": "GET", "path": "/api/dashboard/summary", "status_code": 200, "duration_ms": 269.7, "message": "request_completed"}
INFO:niyamguard.requests:{"level": "INFO", "request_id": "req_48aeb53eb77147588b425ddcfafc48ab", "method": "GET", "path": "/api/rule-candidates", "status_code": 200, "duration_ms": 289.62, "message": "request_completed"}
INFO:niyamguard.requests:{"level": "INFO", "request_id": "req_6afd7ae7de90466a80488edea27cbfbf", "method": "GET", "path": "/api/cascade/finding/find_rule_001_sys_meeseva_portal", "status_code": 200, "duration_ms": 31.35, "message": "request_completed"}
INFO:niyamguard.requests:{"level": "INFO", "request_id": "req_5d9dfe0e6c4c40cbb72bde82b281577c", "method": "POST", "path": "/api/auth/logout", "status_code": 200, "duration_ms": 55.77, "message": "request_completed"}
INFO:niyamguard.requests:{"level": "INFO", "request_id": "req_f48032b49cfc4ca5bcd92e6e640eb826", "method": "POST", "path": "/api/auth/login", "status_code": 200, "duration_ms": 400.22, "message": "request_completed"}
INFO:niyamguard.requests:{"level": "INFO", "request_id": "req_46520e6b579e44618f1c5c30cfd4b99d", "method": "GET", "path": "/api/government/audit/events", "status_code": 200, "duration_ms": 55.84, "message": "request_completed"}
INFO:niyamguard.requests:{"level": "INFO", "request_id": "req_14b3ec24c5da4cbd8f7257475362bbde", "method": "GET", "path": "/api/dashboard/priority-findings", "status_code": 200, "duration_ms": 171.78, "message": "request_completed"}
INFO:niyamguard.requests:{"level": "INFO", "request_id": "req_27d59364be4a4316a9fd43ccc73530b3", "method": "GET", "path": "/api/circulars", "status_code": 200, "duration_ms": 223.91, "message": "request_completed"}
INFO:niyamguard.requests:{"level": "INFO", "request_id": "req_37f0bc172ba143c18b8338a5c871a07b", "method": "GET", "path": "/api/compliance/findings", "status_code": 200, "duration_ms": 229.13, "message": "request_completed"}
INFO:niyamguard.requests:{"level": "INFO", "request_id": "req_9d9135545eee48e584d21e9355de4858", "method": "GET", "path": "/api/dashboard/summary", "status_code": 200, "duration_ms": 247.75, "message": "request_completed"}
INFO:niyamguard.requests:{"level": "INFO", "request_id": "req_81e61489b10f4cbd8f08d821619c808d", "method": "GET", "path": "/api/rule-candidates", "status_code": 200, "duration_ms": 265.54, "message": "request_completed"}
INFO:niyamguard.requests:{"level": "INFO", "request_id": "req_0dae1480bd7f4152aa394d8ba7aef8f5", "method": "GET", "path": "/api/cascade/finding/find_rule_001_sys_meeseva_portal", "status_code": 200, "duration_ms": 30.6, "message": "request_completed"}
INFO:niyamguard.requests:{"level": "INFO", "request_id": "req_26a766116ba64159843f98527001317f", "method": "POST", "path": "/api/auth/logout", "status_code": 200, "duration_ms": 51.75, "message": "request_completed"}
INFO:niyamguard.requests:{"level": "INFO", "request_id": "req_e2fb3730ccf24a22ab8c1877a6e40ee7", "method": "POST", "path": "/api/auth/login", "status_code": 200, "duration_ms": 714.42, "message": "request_completed"}
INFO:niyamguard.requests:{"level": "INFO", "request_id": "req_9fd98ceb7e3741e6a7fcbf3c501daa4e", "method": "GET", "path": "/api/government/audit/events", "status_code": 200, "duration_ms": 101.03, "message": "request_completed"}
INFO:niyamguard.requests:{"level": "INFO", "request_id": "req_f1938596f39a480eac7e16169ed36242", "method": "GET", "path": "/api/compliance/findings", "status_code": 200, "duration_ms": 177.7, "message": "request_completed"}
INFO:niyamguard.requests:{"level": "INFO", "request_id": "req_f8c8e30131d045e3a6e9dacf14dc5b78", "method": "GET", "path": "/api/dashboard/priority-findings", "status_code": 200, "duration_ms": 191.68, "message": "request_completed"}
INFO:niyamguard.requests:{"level": "INFO", "request_id": "req_78cbbf189b074faf9511ea9367568cc7", "method": "GET", "path": "/api/dashboard/summary", "status_code": 200, "duration_ms": 197.77, "message": "request_completed"}
INFO:niyamguard.requests:{"level": "INFO", "request_id": "req_8c1cb0c69a114faeaed93143c61b6287", "method": "GET", "path": "/api/circulars", "status_code": 200, "duration_ms": 246.71, "message": "request_completed"}
INFO:niyamguard.requests:{"level": "INFO", "request_id": "req_82f7f31eb3b44c108242cef8bcacf628", "method": "GET", "path": "/api/rule-candidates", "status_code": 200, "duration_ms": 241.98, "message": "request_completed"}
INFO:niyamguard.requests:{"level": "INFO", "request_id": "req_97e9dcacbe27484e9002328f84501678", "method": "GET", "path": "/api/cascade/finding/find_rule_001_sys_meeseva_portal", "status_code": 200, "duration_ms": 30.15, "message": "request_completed"}
INFO:niyamguard.requests:{"level": "INFO", "request_id": "req_ef8fa5674e8a4429b84227ddf5e0a7e2", "method": "GET", "path": "/api/officer/pending", "status_code": 200, "duration_ms": 98.45, "message": "request_completed"}
INFO:niyamguard.requests:{"level": "INFO", "request_id": "req_27e5fe6d0ac6459cb13f4911c2a846d4", "method": "GET", "path": "/api/compliance/findings", "status_code": 200, "duration_ms": 133.68, "message": "request_completed"}
INFO:niyamguard.requests:{"level": "INFO", "request_id": "req_c92865412d904f328f4464dfa25087c3", "method": "GET", "path": "/api/dashboard/priority-findings", "status_code": 200, "duration_ms": 198.37, "message": "request_completed"}
INFO:niyamguard.requests:{"level": "INFO", "request_id": "req_979464d9ebf74b48b4db86d2f3c59e73", "method": "GET", "path": "/api/government/audit/events", "status_code": 200, "duration_ms": 206.53, "message": "request_completed"}
INFO:niyamguard.requests:{"level": "INFO", "request_id": "req_beaf38ae23c94d40a21f3081d704e0c5", "method": "GET", "path": "/api/circulars", "status_code": 200, "duration_ms": 226.95, "message": "request_completed"}
INFO:niyamguard.requests:{"level": "INFO", "request_id": "req_5ee1f4a9f96041e1bfd0727017084eac", "method": "GET", "path": "/api/dashboard/summary", "status_code": 200, "duration_ms": 238.2, "message": "request_completed"}
INFO:niyamguard.requests:{"level": "INFO", "request_id": "req_776ec1646e1446e289a87e10bf6a1bdb", "method": "GET", "path": "/api/rule-candidates", "status_code": 200, "duration_ms": 249.7, "message": "request_completed"}
INFO:niyamguard.requests:{"level": "INFO", "request_id": "req_cec84fc1679a4041aa5cf9ab748f0c9d", "method": "GET", "path": "/api/cascade/finding/find_rule_001_sys_meeseva_portal", "status_code": 200, "duration_ms": 28.37, "message": "request_completed"}
INFO:niyamguard.requests:{"level": "INFO", "request_id": "req_269078f94a57491da2ba378b3f74b0b5", "method": "POST", "path": "/api/compliance/run", "status_code": 200, "duration_ms": 164.69, "message": "request_completed"}
INFO:niyamguard.requests:{"level": "INFO", "request_id": "req_4d252eb3a4634bb8a4d38d4dabb0ce07", "method": "POST", "path": "/api/dashboard/recalculate-priority", "status_code": 200, "duration_ms": 304.88, "message": "request_completed"}
INFO:niyamguard.requests:{"level": "INFO", "request_id": "req_2b08fac8320946009dac202663fa81f6", "method": "GET", "path": "/api/circulars", "status_code": 200, "duration_ms": 148.85, "message": "request_completed"}
INFO:niyamguard.requests:{"level": "INFO", "request_id": "req_32b2de91fdf547aeb7ff325f05a0fa49", "method": "GET", "path": "/api/government/audit/events", "status_code": 200, "duration_ms": 182.43, "message": "request_completed"}
INFO:niyamguard.requests:{"level": "INFO", "request_id": "req_6816e186fea44992a87c090b027a2236", "method": "GET", "path": "/api/compliance/findings", "status_code": 200, "duration_ms": 203.43, "message": "request_completed"}
INFO:niyamguard.requests:{"level": "INFO", "request_id": "req_0435242361cf47e386eb93421a5171ba", "method": "GET", "path": "/api/dashboard/priority-findings", "status_code": 200, "duration_ms": 221.38, "message": "request_completed"}
INFO:niyamguard.requests:{"level": "INFO", "request_id": "req_ca75c1f7dc534a5a8afe6e6f603c4b41", "method": "GET", "path": "/api/rule-candidates", "status_code": 200, "duration_ms": 293.71, "message": "request_completed"}
INFO:niyamguard.requests:{"level": "INFO", "request_id": "req_736ebbda841a46b1a3ed0e5a96259c0a", "method": "GET", "path": "/api/dashboard/summary", "status_code": 200, "duration_ms": 269.85, "message": "request_completed"}
INFO:niyamguard.requests:{"level": "INFO", "request_id": "req_7aa4114a25934d45829846d6904d5c8d", "method": "GET", "path": "/api/cascade/finding/find_rule_001_sys_meeseva_portal", "status_code": 200, "duration_ms": 35.27, "message": "request_completed"}
INFO:niyamguard.requests:{"level": "INFO", "request_id": "req_bf69cd2beccb4c04a38bdc5b2912ce99", "method": "POST", "path": "/api/auth/logout", "status_code": 200, "duration_ms": 126.61, "message": "request_completed"}
INFO:niyamguard.requests:{"level": "INFO", "request_id": "req_1b097e22fe804ee88783db10cb4ce11a", "method": "POST", "path": "/api/auth/login", "status_code": 200, "duration_ms": 738.34, "message": "request_completed"}
INFO:niyamguard.requests:{"level": "INFO", "request_id": "req_9c9c1f1be80c443c938c10551d8a2548", "method": "POST", "path": "/api/sessions", "status_code": 201, "duration_ms": 10.19, "message": "request_completed"}
INFO:niyamguard.requests:{"level": "INFO", "request_id": "req_56c452e8931e409d92c3decebc030ec5", "method": "GET", "path": "/api/portal/services", "status_code": 200, "duration_ms": 64.03, "message": "request_completed"}
INFO:niyamguard.requests:{"level": "INFO", "request_id": "req_380f43c404d34e878a93f415433d513c", "method": "POST", "path": "/api/sessions", "status_code": 201, "duration_ms": 19.93, "message": "request_completed"}
INFO:niyamguard.requests:{"level": "INFO", "request_id": "req_faee26310a664a91ab6ac49a75a7a312", "method": "POST", "path": "/api/sessions", "status_code": 201, "duration_ms": 43.35, "message": "request_completed"}
INFO:niyamguard.requests:{"level": "INFO", "request_id": "req_f5707c597ab546e8b9d4dc9ac740555e", "method": "GET", "path": "/api/portal/services/residence_certificate", "status_code": 200, "duration_ms": 66.25, "message": "request_completed"}
INFO:niyamguard.requests:{"level": "INFO", "request_id": "req_35952140d6654fdea3e04ec6d9dddc3c", "method": "GET", "path": "/api/portal/services/residence_certificate", "status_code": 200, "duration_ms": 73.39, "message": "request_completed"}
INFO:niyamguard.requests:{"level": "INFO", "request_id": "req_c9d1dacf37ee48c98d1b4d5c9bd22d68", "method": "POST", "path": "/api/sessions", "status_code": 201, "duration_ms": 10.86, "message": "request_completed"}
INFO:niyamguard.requests:{"level": "INFO", "request_id": "req_c567bbe87d6143ab9a0d73538f106915", "method": "POST", "path": "/api/scheme-finder/recommend", "status_code": 200, "duration_ms": 13.64, "message": "request_completed"}
INFO:niyamguard.requests:{"level": "INFO", "request_id": "req_7d8ab667b417475ea64bec826f825cb0", "method": "POST", "path": "/api/sessions", "status_code": 201, "duration_ms": 65.55, "message": "request_completed"}
INFO:niyamguard.requests:{"level": "INFO", "request_id": "req_dbcb8be976f1434bb0fb2a62392f0c2f", "method": "GET", "path": "/api/applications", "status_code": 200, "duration_ms": 86.6, "message": "request_completed"}
INFO:niyamguard.requests:{"level": "INFO", "request_id": "req_4218648a4ddb415ab68eae96315a5b02", "method": "GET", "path": "/api/notifications", "status_code": 200, "duration_ms": 96.65, "message": "request_completed"}
INFO:niyamguard.requests:{"level": "INFO", "request_id": "req_eb1953dc5349436d967c09fdfbc583b5", "method": "GET", "path": "/api/applications/app_c873596b39a846f8a52f33a12a76ba5e", "status_code": 200, "duration_ms": 49.2, "message": "request_completed"}
INFO:niyamguard.requests:{"level": "INFO", "request_id": "req_6b5f43f830cb4635bc907234972b8536", "method": "GET", "path": "/api/applications/app_c873596b39a846f8a52f33a12a76ba5e", "status_code": 200, "duration_ms": 47.26, "message": "request_completed"}
INFO:niyamguard.requests:{"level": "INFO", "request_id": "req_8ef82618162c40b7af9ce2d704526276", "method": "GET", "path": "/api/citizen/profile", "status_code": 200, "duration_ms": 57.64, "message": "request_completed"}
INFO:niyamguard.requests:{"level": "INFO", "request_id": "req_4f2cdb1af65e4033a11419226d710244", "method": "GET", "path": "/api/citizen/documents", "status_code": 200, "duration_ms": 41.31, "message": "request_completed"}
INFO:niyamguard.requests:{"level": "INFO", "request_id": "req_1713cf27bdb44a0da2b45d243075bbcc", "method": "POST", "path": "/api/sessions", "status_code": 201, "duration_ms": 9.91, "message": "request_completed"}
INFO:niyamguard.requests:{"level": "INFO", "request_id": "req_28362815f17d426180b711258269f155", "method": "GET", "path": "/api/applications", "status_code": 200, "duration_ms": 75.67, "message": "request_completed"}
INFO:niyamguard.requests:{"level": "INFO", "request_id": "req_6572f8c0a04b4c419000d2610761b61c", "method": "POST", "path": "/api/sessions", "status_code": 201, "duration_ms": 77.87, "message": "request_completed"}
INFO:niyamguard.requests:{"level": "INFO", "request_id": "req_ac4ba7072af2423f93543a9069f7d1bb", "method": "GET", "path": "/api/notifications", "status_code": 200, "duration_ms": 105.21, "message": "request_completed"}
INFO:niyamguard.requests:{"level": "INFO", "request_id": "req_0909ea14e37e4f49917b5f78810dff72", "method": "GET", "path": "/health", "status_code": 404, "duration_ms": 12.23, "message": "request_completed"}
INFO:niyamguard.requests:{"level": "INFO", "request_id": "req_54c43f3052c2481286871e2c6976807a", "method": "GET", "path": "/api/tts/health", "status_code": 200, "duration_ms": 4.04, "message": "request_completed"}
INFO:niyamguard.requests:{"level": "INFO", "request_id": "req_83202657b6264a88be46c3e552a2b016", "method": "POST", "path": "/api/stt/transcribe", "status_code": 503, "duration_ms": 9.67, "message": "request_completed"}
INFO:niyamguard.requests:{"level": "INFO", "request_id": "req_f59314cfc3744a788a226b2466a0d82b", "method": "POST", "path": "/api/auth/login", "status_code": 200, "duration_ms": 784.57, "message": "request_completed"}
INFO:niyamguard.requests:{"level": "INFO", "request_id": "req_8922b6339132433da624b52e9cb3af38", "method": "POST", "path": "/api/sessions", "status_code": 201, "duration_ms": 17.05, "message": "request_completed"}
INFO:niyamguard.assistant:assistant_request session_id=681c68cf67e741bc99b51750d98e52d7 form_id=income_certificate message='What should I enter for occupation?'
INFO:niyamguard.requests:{"level": "INFO", "request_id": "req_9b221ed4c77e4a99be89393ad41c87cb", "method": "POST", "path": "/api/assistant/ask", "status_code": 200, "duration_ms": 11.8, "message": "request_completed"}
INFO:niyamguard.assistant:assistant_request session_id=681c68cf67e741bc99b51750d98e52d7 form_id=income_certificate message='mandalam ante enti?'
INFO:niyamguard.requests:{"level": "INFO", "request_id": "req_a07185457bd54bde99c176b601e10709", "method": "POST", "path": "/api/assistant/ask", "status_code": 200, "duration_ms": 12.37, "message": "request_completed"}
INFO:niyamguard.requests:{"level": "INFO", "request_id": "req_dd414becbc284fdc8cf56b3ec949e7f3", "method": "POST", "path": "/api/auth/login", "status_code": 200, "duration_ms": 305.82, "message": "request_completed"}
INFO:niyamguard.requests:{"level": "INFO", "request_id": "req_48aa32fac1634d469d8a309fc812e13f", "method": "POST", "path": "/api/sessions", "status_code": 201, "duration_ms": 3.23, "message": "request_completed"}
INFO:niyamguard.assistant:assistant_request session_id=b7f36d525230457a916f1f1add161a10 form_id=income_certificate message='mandalam ante enti?'
INFO:niyamguard.requests:{"level": "INFO", "request_id": "req_e104640a28f748fb837678848e4ce40a", "method": "POST", "path": "/api/assistant/ask", "status_code": 200, "duration_ms": 4.38, "message": "request_completed"}
INFO:niyamguard.assistant:assistant_request session_id=b7f36d525230457a916f1f1add161a10 form_id=income_certificate message='monthly income entha rayali?'
INFO:niyamguard.requests:{"level": "INFO", "request_id": "req_05849c01b17c4c929dad98ccc61a7548", "method": "POST", "path": "/api/assistant/ask", "status_code": 200, "duration_ms": 3.75, "message": "request_completed"}
INFO:niyamguard.assistant:assistant_request session_id=b7f36d525230457a916f1f1add161a10 form_id=income_certificate message='income certificate validity entha?'
INFO:niyamguard.requests:{"level": "INFO", "request_id": "req_a5e36dc784694674b40e3ea4dcc0d9bc", "method": "POST", "path": "/api/assistant/ask", "status_code": 200, "duration_ms": 4.81, "message": "request_completed"}
INFO:niyamguard.assistant:assistant_request session_id=b7f36d525230457a916f1f1add161a10 form_id=income_certificate message='documents enti?'
INFO:niyamguard.requests:{"level": "INFO", "request_id": "req_62a0af435b814e9e9c2484f9792a42c0", "method": "POST", "path": "/api/assistant/ask", "status_code": 200, "duration_ms": 5.23, "message": "request_completed"}
INFO:niyamguard.assistant:assistant_request session_id=b7f36d525230457a916f1f1add161a10 form_id=income_certificate message='????? ???? ??????'
INFO:niyamguard.requests:{"level": "INFO", "request_id": "req_978d2892a18841bfac583b66648b5e5d", "method": "POST", "path": "/api/assistant/ask", "status_code": 200, "duration_ms": 5.56, "message": "request_completed"}
INFO:niyamguard.assistant:assistant_request session_id=b7f36d525230457a916f1f1add161a10 form_id=income_certificate message='??????? ????? ??? ???????'
INFO:niyamguard.requests:{"level": "INFO", "request_id": "req_c840043767d04fdb968c86ea8026ddee", "method": "POST", "path": "/api/assistant/ask", "status_code": 200, "duration_ms": 5.5, "message": "request_completed"}
INFO:niyamguard.assistant:assistant_request session_id=b7f36d525230457a916f1f1add161a10 form_id=income_certificate message='??????? ??????????? ?????????? ????'
INFO:niyamguard.requests:{"level": "INFO", "request_id": "req_a081a4a83cac40d5b527bc93a18fc016", "method": "POST", "path": "/api/assistant/ask", "status_code": 200, "duration_ms": 4.18, "message": "request_completed"}
INFO:niyamguard.requests:{"level": "INFO", "request_id": "req_3ade18cfcf97480c818378ff24c7c857", "method": "POST", "path": "/api/sessions", "status_code": 201, "duration_ms": 17.68, "message": "request_completed"}
INFO:niyamguard.requests:{"level": "INFO", "request_id": "req_745d138c20904d5f97567dd57df35b9d", "method": "GET", "path": "/api/applications", "status_code": 200, "duration_ms": 58.89, "message": "request_completed"}
INFO:niyamguard.requests:{"level": "INFO", "request_id": "req_579ec121a2ba48589b8c3e13f56a6f0c", "method": "GET", "path": "/api/notifications", "status_code": 200, "duration_ms": 63.39, "message": "request_completed"}
